<?xml version="1.0" encoding="UTF-8"?>
<coverage generated="1522937437762" clover="3.2.0">
  <project timestamp="1522937437762" name="All files">
    <metrics statements="169" coveredstatements="149" conditionals="70" coveredconditionals="64" methods="97" coveredmethods="71" elements="336" coveredelements="284" complexity="0" loc="169" ncloc="169" packages="7" files="24" classes="24">
      <package name="actions">
        <metrics statements="42" coveredstatements="38" conditionals="8" coveredconditionals="5" methods="28" coveredmethods="24"/>
        <file name="auth.js" path="/Users/innomius/Documents/react-course-projects/expensify-app/src/actions/auth.js">
          <metrics statements="8" coveredstatements="4" conditionals="0" coveredconditionals="0" methods="6" coveredmethods="2"/>
          <line num="3" count="3" type="stmt"/>
          <line num="8" count="3" type="stmt"/>
          <line num="9" count="0" type="stmt"/>
          <line num="10" count="0" type="stmt"/>
          <line num="14" count="3" type="stmt"/>
          <line num="18" count="3" type="stmt"/>
          <line num="19" count="0" type="stmt"/>
          <line num="20" count="0" type="stmt"/>
        </file>
        <file name="expenses.js" path="/Users/innomius/Documents/react-course-projects/expensify-app/src/actions/expenses.js">
          <metrics statements="29" coveredstatements="29" conditionals="7" coveredconditionals="4" methods="17" coveredmethods="17"/>
          <line num="5" count="3" type="stmt"/>
          <line num="10" count="3" type="cond" truecount="0" falsecount="1"/>
          <line num="11" count="2" type="stmt"/>
          <line num="12" count="2" type="stmt"/>
          <line num="18" count="2" type="stmt"/>
          <line num="19" count="2" type="stmt"/>
          <line num="20" count="2" type="stmt"/>
          <line num="22" count="2" type="stmt"/>
          <line num="31" count="3" type="cond" truecount="0" falsecount="1"/>
          <line num="36" count="3" type="cond" truecount="0" falsecount="1"/>
          <line num="37" count="1" type="stmt"/>
          <line num="38" count="1" type="stmt"/>
          <line num="39" count="1" type="stmt"/>
          <line num="41" count="1" type="stmt"/>
          <line num="47" count="3" type="stmt"/>
          <line num="53" count="3" type="stmt"/>
          <line num="54" count="1" type="stmt"/>
          <line num="55" count="1" type="stmt"/>
          <line num="56" count="1" type="stmt"/>
          <line num="58" count="1" type="stmt"/>
          <line num="64" count="3" type="stmt"/>
          <line num="69" count="3" type="stmt"/>
          <line num="70" count="1" type="stmt"/>
          <line num="71" count="1" type="stmt"/>
          <line num="72" count="1" type="stmt"/>
          <line num="74" count="1" type="stmt"/>
          <line num="75" count="1" type="stmt"/>
          <line num="76" count="3" type="stmt"/>
          <line num="81" count="1" type="stmt"/>
        </file>
        <file name="filters.js" path="/Users/innomius/Documents/react-course-projects/expensify-app/src/actions/filters.js">
          <metrics statements="5" coveredstatements="5" conditionals="1" coveredconditionals="1" methods="5" coveredmethods="5"/>
          <line num="2" count="3" type="cond" truecount="1" falsecount="0"/>
          <line num="8" count="3" type="stmt"/>
          <line num="13" count="3" type="stmt"/>
          <line num="18" count="3" type="stmt"/>
          <line num="24" count="3" type="stmt"/>
        </file>
      </package>
      <package name="components">
        <metrics statements="81" coveredstatements="65" conditionals="28" coveredconditionals="26" methods="58" coveredmethods="36"/>
        <file name="AddExpensePage.js" path="/Users/innomius/Documents/react-course-projects/expensify-app/src/components/AddExpensePage.js">
          <metrics statements="5" coveredstatements="4" conditionals="0" coveredconditionals="0" methods="4" coveredmethods="2"/>
          <line num="8" count="1" type="stmt"/>
          <line num="9" count="1" type="stmt"/>
          <line num="12" count="2" type="stmt"/>
          <line num="29" count="1" type="stmt"/>
          <line num="30" count="0" type="stmt"/>
        </file>
        <file name="EditExpensePage.js" path="/Users/innomius/Documents/react-course-projects/expensify-app/src/components/EditExpensePage.js">
          <metrics statements="10" coveredstatements="7" conditionals="0" coveredconditionals="0" methods="8" coveredmethods="3"/>
          <line num="8" count="1" type="stmt"/>
          <line num="9" count="1" type="stmt"/>
          <line num="13" count="1" type="stmt"/>
          <line num="14" count="1" type="stmt"/>
          <line num="18" count="3" type="stmt"/>
          <line num="39" count="1" type="stmt"/>
          <line num="40" count="0" type="stmt"/>
          <line num="43" count="1" type="stmt"/>
          <line num="44" count="0" type="stmt"/>
          <line num="45" count="0" type="stmt"/>
        </file>
        <file name="ExpenseDashboardPage.js" path="/Users/innomius/Documents/react-course-projects/expensify-app/src/components/ExpenseDashboardPage.js">
          <metrics statements="2" coveredstatements="2" conditionals="0" coveredconditionals="0" methods="1" coveredmethods="1"/>
          <line num="6" count="1" type="stmt"/>
          <line num="7" count="1" type="stmt"/>
        </file>
        <file name="ExpenseForm.js" path="/Users/innomius/Documents/react-course-projects/expensify-app/src/components/ExpenseForm.js">
          <metrics statements="19" coveredstatements="18" conditionals="20" coveredconditionals="19" methods="16" coveredmethods="15"/>
          <line num="7" count="10" type="stmt"/>
          <line num="8" count="10" type="stmt"/>
          <line num="19" count="1" type="stmt"/>
          <line num="20" count="1" type="stmt"/>
          <line num="24" count="1" type="stmt"/>
          <line num="25" count="1" type="stmt"/>
          <line num="29" count="2" type="stmt"/>
          <line num="30" count="2" type="cond" truecount="4" falsecount="0"/>
          <line num="31" count="1" type="stmt"/>
          <line num="36" count="1" type="cond" truecount="1" falsecount="1"/>
          <line num="37" count="1" type="stmt"/>
          <line num="42" count="1" type="stmt"/>
          <line num="46" count="2" type="stmt"/>
          <line num="47" count="2" type="cond" truecount="4" falsecount="0"/>
          <line num="48" count="1" type="stmt"/>
          <line num="50" count="1" type="stmt"/>
          <line num="51" count="1" type="stmt"/>
          <line num="61" count="17" type="stmt"/>
          <line num="85" count="0" type="stmt"/>
        </file>
        <file name="ExpenseList.js" path="/Users/innomius/Documents/react-course-projects/expensify-app/src/components/ExpenseList.js">
          <metrics statements="5" coveredstatements="4" conditionals="2" coveredconditionals="2" methods="3" coveredmethods="2"/>
          <line num="6" count="2" type="stmt"/>
          <line num="7" count="2" type="stmt"/>
          <line num="21" count="3" type="stmt"/>
          <line num="29" count="2" type="stmt"/>
          <line num="30" count="0" type="stmt"/>
        </file>
        <file name="ExpenseListFilters.js" path="/Users/innomius/Documents/react-course-projects/expensify-app/src/components/ExpenseListFilters.js">
          <metrics statements="19" coveredstatements="13" conditionals="4" coveredconditionals="3" methods="15" coveredmethods="7"/>
          <line num="8" count="7" type="stmt"/>
          <line num="9" count="7" type="stmt"/>
          <line num="15" count="1" type="stmt"/>
          <line num="16" count="1" type="stmt"/>
          <line num="20" count="1" type="stmt"/>
          <line num="24" count="1" type="stmt"/>
          <line num="28" count="2" type="cond" truecount="2" falsecount="0"/>
          <line num="29" count="1" type="stmt"/>
          <line num="30" count="1" type="cond" truecount="1" falsecount="1"/>
          <line num="31" count="1" type="stmt"/>
          <line num="36" count="10" type="stmt"/>
          <line num="67" count="0" type="stmt"/>
          <line num="76" count="2" type="stmt"/>
          <line num="80" count="2" type="stmt"/>
          <line num="81" count="0" type="stmt"/>
          <line num="82" count="0" type="stmt"/>
          <line num="83" count="0" type="stmt"/>
          <line num="84" count="0" type="stmt"/>
          <line num="85" count="0" type="stmt"/>
        </file>
        <file name="ExpenseListItem.js" path="/Users/innomius/Documents/react-course-projects/expensify-app/src/components/ExpenseListItem.js">
          <metrics statements="2" coveredstatements="2" conditionals="0" coveredconditionals="0" methods="1" coveredmethods="1"/>
          <line num="6" count="3" type="stmt"/>
          <line num="7" count="1" type="stmt"/>
        </file>
        <file name="ExpensesSummary.js" path="/Users/innomius/Documents/react-course-projects/expensify-app/src/components/ExpensesSummary.js">
          <metrics statements="7" coveredstatements="5" conditionals="2" coveredconditionals="2" methods="2" coveredmethods="1"/>
          <line num="8" count="2" type="stmt"/>
          <line num="9" count="2" type="cond" truecount="2" falsecount="0"/>
          <line num="10" count="2" type="stmt"/>
          <line num="11" count="2" type="stmt"/>
          <line num="23" count="2" type="stmt"/>
          <line num="24" count="0" type="stmt"/>
          <line num="25" count="0" type="stmt"/>
        </file>
        <file name="Header.js" path="/Users/innomius/Documents/react-course-projects/expensify-app/src/components/Header.js">
          <metrics statements="4" coveredstatements="3" conditionals="0" coveredconditionals="0" methods="3" coveredmethods="1"/>
          <line num="6" count="1" type="stmt"/>
          <line num="7" count="2" type="stmt"/>
          <line num="21" count="1" type="stmt"/>
          <line num="22" count="0" type="stmt"/>
        </file>
        <file name="LoadingPage.js" path="/Users/innomius/Documents/react-course-projects/expensify-app/src/components/LoadingPage.js">
          <metrics statements="2" coveredstatements="2" conditionals="0" coveredconditionals="0" methods="1" coveredmethods="1"/>
          <line num="3" count="1" type="stmt"/>
          <line num="4" count="1" type="stmt"/>
        </file>
        <file name="LoginPage.js" path="/Users/innomius/Documents/react-course-projects/expensify-app/src/components/LoginPage.js">
          <metrics statements="4" coveredstatements="3" conditionals="0" coveredconditionals="0" methods="3" coveredmethods="1"/>
          <line num="5" count="1" type="stmt"/>
          <line num="6" count="2" type="stmt"/>
          <line num="20" count="1" type="stmt"/>
          <line num="21" count="0" type="stmt"/>
        </file>
        <file name="NotFoundPage.js" path="/Users/innomius/Documents/react-course-projects/expensify-app/src/components/NotFoundPage.js">
          <metrics statements="2" coveredstatements="2" conditionals="0" coveredconditionals="0" methods="1" coveredmethods="1"/>
          <line num="4" count="1" type="stmt"/>
          <line num="5" count="1" type="stmt"/>
        </file>
      </package>
      <package name="firebase">
        <metrics statements="4" coveredstatements="4" conditionals="0" coveredconditionals="0" methods="0" coveredmethods="0"/>
        <file name="firebase.js" path="/Users/innomius/Documents/react-course-projects/expensify-app/src/firebase/firebase.js">
          <metrics statements="4" coveredstatements="4" conditionals="0" coveredconditionals="0" methods="0" coveredmethods="0"/>
          <line num="3" count="6" type="stmt"/>
          <line num="12" count="6" type="stmt"/>
          <line num="14" count="6" type="stmt"/>
          <line num="15" count="6" type="stmt"/>
        </file>
      </package>
      <package name="reducers">
        <metrics statements="24" coveredstatements="24" conditionals="19" coveredconditionals="19" methods="5" coveredmethods="5"/>
        <file name="auth.js" path="/Users/innomius/Documents/react-course-projects/expensify-app/src/reducers/auth.js">
          <metrics statements="4" coveredstatements="4" conditionals="4" coveredconditionals="4" methods="1" coveredmethods="1"/>
          <line num="2" count="3" type="cond" truecount="3" falsecount="0"/>
          <line num="4" count="1" type="stmt"/>
          <line num="8" count="1" type="stmt"/>
          <line num="10" count="1" type="stmt"/>
        </file>
        <file name="expenses.js" path="/Users/innomius/Documents/react-course-projects/expensify-app/src/reducers/expenses.js">
          <metrics statements="11" coveredstatements="11" conditionals="8" coveredconditionals="8" methods="3" coveredmethods="3"/>
          <line num="3" count="1" type="stmt"/>
          <line num="5" count="1" type="cond" truecount="1" falsecount="0"/>
          <line num="6" count="7" type="cond" truecount="5" falsecount="0"/>
          <line num="8" count="1" type="stmt"/>
          <line num="13" count="6" type="stmt"/>
          <line num="15" count="2" type="stmt"/>
          <line num="16" count="6" type="cond" truecount="2" falsecount="0"/>
          <line num="17" count="1" type="stmt"/>
          <line num="22" count="5" type="stmt"/>
          <line num="26" count="1" type="stmt"/>
          <line num="28" count="1" type="stmt"/>
        </file>
        <file name="filters.js" path="/Users/innomius/Documents/react-course-projects/expensify-app/src/reducers/filters.js">
          <metrics statements="9" coveredstatements="9" conditionals="7" coveredconditionals="7" methods="1" coveredmethods="1"/>
          <line num="5" count="1" type="stmt"/>
          <line num="11" count="1" type="cond" truecount="1" falsecount="0"/>
          <line num="12" count="6" type="cond" truecount="6" falsecount="0"/>
          <line num="14" count="1" type="stmt"/>
          <line num="19" count="1" type="stmt"/>
          <line num="24" count="1" type="stmt"/>
          <line num="29" count="1" type="stmt"/>
          <line num="34" count="1" type="stmt"/>
          <line num="39" count="1" type="stmt"/>
        </file>
      </package>
      <package name="selectors">
        <metrics statements="14" coveredstatements="14" conditionals="15" coveredconditionals="14" methods="6" coveredmethods="6"/>
        <file name="expenses-total.js" path="/Users/innomius/Documents/react-course-projects/expensify-app/src/selectors/expenses-total.js">
          <metrics statements="3" coveredstatements="3" conditionals="0" coveredconditionals="0" methods="3" coveredmethods="3"/>
          <line num="4" count="3" type="stmt"/>
          <line num="5" count="4" type="stmt"/>
          <line num="6" count="4" type="stmt"/>
        </file>
        <file name="expenses.js" path="/Users/innomius/Documents/react-course-projects/expensify-app/src/selectors/expenses.js">
          <metrics statements="11" coveredstatements="11" conditionals="15" coveredconditionals="14" methods="3" coveredmethods="3"/>
          <line num="5" count="4" type="stmt"/>
          <line num="6" count="5" type="stmt"/>
          <line num="7" count="15" type="stmt"/>
          <line num="8" count="15" type="cond" truecount="2" falsecount="0"/>
          <line num="9" count="15" type="cond" truecount="2" falsecount="0"/>
          <line num="10" count="15" type="stmt"/>
          <line num="12" count="15" type="cond" truecount="3" falsecount="0"/>
          <line num="14" count="9" type="cond" truecount="2" falsecount="0"/>
          <line num="15" count="6" type="cond" truecount="2" falsecount="0"/>
          <line num="17" count="3" type="cond" truecount="1" falsecount="1"/>
          <line num="18" count="3" type="cond" truecount="2" falsecount="0"/>
        </file>
      </package>
      <package name="tests">
        <metrics statements="2" coveredstatements="2" conditionals="0" coveredconditionals="0" methods="0" coveredmethods="0"/>
        <file name="setupTests.js" path="/Users/innomius/Documents/react-course-projects/expensify-app/src/tests/setupTests.js">
          <metrics statements="2" coveredstatements="2" conditionals="0" coveredconditionals="0" methods="0" coveredmethods="0"/>
          <line num="5" count="20" type="stmt"/>
          <line num="9" count="20" type="stmt"/>
        </file>
      </package>
      <package name="tests.fixtures">
        <metrics statements="2" coveredstatements="2" conditionals="0" coveredconditionals="0" methods="0" coveredmethods="0"/>
        <file name="expenses.js" path="/Users/innomius/Documents/react-course-projects/expensify-app/src/tests/fixtures/expenses.js">
          <metrics statements="0" coveredstatements="0" conditionals="0" coveredconditionals="0" methods="0" coveredmethods="0"/>
        </file>
        <file name="filters.js" path="/Users/innomius/Documents/react-course-projects/expensify-app/src/tests/fixtures/filters.js">
          <metrics statements="2" coveredstatements="2" conditionals="0" coveredconditionals="0" methods="0" coveredmethods="0"/>
          <line num="3" count="1" type="stmt"/>
          <line num="10" count="1" type="stmt"/>
        </file>
      </package>
    </metrics>
  </project>
</coverage>
