{"/Users/innomius/Documents/react-course-projects/expensify-app/src/actions/auth.js": {"path":"/Users/innomius/Documents/react-course-projects/expensify-app/src/actions/auth.js","statementMap":{"0":{"start":{"line":3,"column":21},"end":{"line":6,"column":2}},"1":{"start":{"line":3,"column":31},"end":{"line":6,"column":1}},"2":{"start":{"line":8,"column":26},"end":{"line":12,"column":1}},"3":{"start":{"line":9,"column":2},"end":{"line":11,"column":4}},"4":{"start":{"line":10,"column":4},"end":{"line":10,"column":63}},"5":{"start":{"line":14,"column":22},"end":{"line":16,"column":2}},"6":{"start":{"line":14,"column":29},"end":{"line":16,"column":1}},"7":{"start":{"line":18,"column":27},"end":{"line":22,"column":1}},"8":{"start":{"line":19,"column":2},"end":{"line":21,"column":3}},"9":{"start":{"line":20,"column":4},"end":{"line":20,"column":37}}},"fnMap":{"0":{"name":"(anonymous_0)","decl":{"start":{"line":3,"column":21},"end":{"line":3,"column":22}},"loc":{"start":{"line":3,"column":31},"end":{"line":6,"column":1}},"line":3},"1":{"name":"(anonymous_1)","decl":{"start":{"line":8,"column":26},"end":{"line":8,"column":27}},"loc":{"start":{"line":8,"column":32},"end":{"line":12,"column":1}},"line":8},"2":{"name":"(anonymous_2)","decl":{"start":{"line":9,"column":9},"end":{"line":9,"column":10}},"loc":{"start":{"line":9,"column":15},"end":{"line":11,"column":3}},"line":9},"3":{"name":"(anonymous_3)","decl":{"start":{"line":14,"column":22},"end":{"line":14,"column":23}},"loc":{"start":{"line":14,"column":29},"end":{"line":16,"column":1}},"line":14},"4":{"name":"(anonymous_4)","decl":{"start":{"line":18,"column":27},"end":{"line":18,"column":28}},"loc":{"start":{"line":18,"column":33},"end":{"line":22,"column":1}},"line":18},"5":{"name":"(anonymous_5)","decl":{"start":{"line":19,"column":9},"end":{"line":19,"column":10}},"loc":{"start":{"line":19,"column":15},"end":{"line":21,"column":3}},"line":19}},"branchMap":{},"s":{"0":3,"1":1,"2":3,"3":0,"4":0,"5":3,"6":1,"7":3,"8":0,"9":0},"f":{"0":1,"1":0,"2":0,"3":1,"4":0,"5":0},"b":{},"_coverageSchema":"332fd63041d2c1bcb487cc26dd0d5f7d97098a6c","hash":"b3360de464e31db46815f8985e312316a01f7c95"}
,"/Users/innomius/Documents/react-course-projects/expensify-app/src/actions/expenses.js": {"path":"/Users/innomius/Documents/react-course-projects/expensify-app/src/actions/expenses.js","statementMap":{"0":{"start":{"line":5,"column":26},"end":{"line":8,"column":2}},"1":{"start":{"line":5,"column":40},"end":{"line":8,"column":1}},"2":{"start":{"line":10,"column":31},"end":{"line":28,"column":1}},"3":{"start":{"line":11,"column":2},"end":{"line":27,"column":4}},"4":{"start":{"line":12,"column":16},"end":{"line":12,"column":35}},"5":{"start":{"line":18,"column":8},"end":{"line":18,"column":19}},"6":{"start":{"line":19,"column":20},"end":{"line":19,"column":58}},"7":{"start":{"line":20,"column":4},"end":{"line":26,"column":9}},"8":{"start":{"line":22,"column":8},"end":{"line":25,"column":12}},"9":{"start":{"line":31,"column":29},"end":{"line":34,"column":2}},"10":{"start":{"line":31,"column":47},"end":{"line":34,"column":1}},"11":{"start":{"line":36,"column":34},"end":{"line":44,"column":1}},"12":{"start":{"line":37,"column":2},"end":{"line":43,"column":4}},"13":{"start":{"line":38,"column":16},"end":{"line":38,"column":35}},"14":{"start":{"line":39,"column":4},"end":{"line":42,"column":9}},"15":{"start":{"line":41,"column":8},"end":{"line":41,"column":40}},"16":{"start":{"line":47,"column":27},"end":{"line":51,"column":2}},"17":{"start":{"line":47,"column":45},"end":{"line":51,"column":1}},"18":{"start":{"line":53,"column":32},"end":{"line":61,"column":1}},"19":{"start":{"line":54,"column":2},"end":{"line":60,"column":4}},"20":{"start":{"line":55,"column":16},"end":{"line":55,"column":35}},"21":{"start":{"line":56,"column":4},"end":{"line":59,"column":9}},"22":{"start":{"line":58,"column":8},"end":{"line":58,"column":43}},"23":{"start":{"line":64,"column":27},"end":{"line":67,"column":2}},"24":{"start":{"line":64,"column":42},"end":{"line":67,"column":1}},"25":{"start":{"line":69,"column":32},"end":{"line":84,"column":1}},"26":{"start":{"line":70,"column":2},"end":{"line":83,"column":4}},"27":{"start":{"line":71,"column":16},"end":{"line":71,"column":35}},"28":{"start":{"line":72,"column":4},"end":{"line":82,"column":9}},"29":{"start":{"line":74,"column":25},"end":{"line":74,"column":27}},"30":{"start":{"line":75,"column":8},"end":{"line":80,"column":11}},"31":{"start":{"line":76,"column":10},"end":{"line":79,"column":13}},"32":{"start":{"line":81,"column":8},"end":{"line":81,"column":40}}},"fnMap":{"0":{"name":"(anonymous_0)","decl":{"start":{"line":5,"column":26},"end":{"line":5,"column":27}},"loc":{"start":{"line":5,"column":40},"end":{"line":8,"column":1}},"line":5},"1":{"name":"(anonymous_1)","decl":{"start":{"line":10,"column":31},"end":{"line":10,"column":32}},"loc":{"start":{"line":10,"column":53},"end":{"line":28,"column":1}},"line":10},"2":{"name":"(anonymous_2)","decl":{"start":{"line":11,"column":9},"end":{"line":11,"column":10}},"loc":{"start":{"line":11,"column":33},"end":{"line":27,"column":3}},"line":11},"3":{"name":"(anonymous_3)","decl":{"start":{"line":21,"column":12},"end":{"line":21,"column":13}},"loc":{"start":{"line":21,"column":21},"end":{"line":26,"column":7}},"line":21},"4":{"name":"(anonymous_4)","decl":{"start":{"line":31,"column":29},"end":{"line":31,"column":30}},"loc":{"start":{"line":31,"column":47},"end":{"line":34,"column":1}},"line":31},"5":{"name":"(anonymous_5)","decl":{"start":{"line":36,"column":34},"end":{"line":36,"column":35}},"loc":{"start":{"line":36,"column":51},"end":{"line":44,"column":1}},"line":36},"6":{"name":"(anonymous_6)","decl":{"start":{"line":37,"column":9},"end":{"line":37,"column":10}},"loc":{"start":{"line":37,"column":33},"end":{"line":43,"column":3}},"line":37},"7":{"name":"(anonymous_7)","decl":{"start":{"line":40,"column":12},"end":{"line":40,"column":13}},"loc":{"start":{"line":40,"column":18},"end":{"line":42,"column":7}},"line":40},"8":{"name":"(anonymous_8)","decl":{"start":{"line":47,"column":27},"end":{"line":47,"column":28}},"loc":{"start":{"line":47,"column":45},"end":{"line":51,"column":1}},"line":47},"9":{"name":"(anonymous_9)","decl":{"start":{"line":53,"column":32},"end":{"line":53,"column":33}},"loc":{"start":{"line":53,"column":49},"end":{"line":61,"column":1}},"line":53},"10":{"name":"(anonymous_10)","decl":{"start":{"line":54,"column":9},"end":{"line":54,"column":10}},"loc":{"start":{"line":54,"column":33},"end":{"line":60,"column":3}},"line":54},"11":{"name":"(anonymous_11)","decl":{"start":{"line":57,"column":12},"end":{"line":57,"column":13}},"loc":{"start":{"line":57,"column":18},"end":{"line":59,"column":7}},"line":57},"12":{"name":"(anonymous_12)","decl":{"start":{"line":64,"column":27},"end":{"line":64,"column":28}},"loc":{"start":{"line":64,"column":42},"end":{"line":67,"column":1}},"line":64},"13":{"name":"(anonymous_13)","decl":{"start":{"line":69,"column":32},"end":{"line":69,"column":33}},"loc":{"start":{"line":69,"column":38},"end":{"line":84,"column":1}},"line":69},"14":{"name":"(anonymous_14)","decl":{"start":{"line":70,"column":9},"end":{"line":70,"column":10}},"loc":{"start":{"line":70,"column":33},"end":{"line":83,"column":3}},"line":70},"15":{"name":"(anonymous_15)","decl":{"start":{"line":73,"column":12},"end":{"line":73,"column":13}},"loc":{"start":{"line":73,"column":26},"end":{"line":82,"column":7}},"line":73},"16":{"name":"(anonymous_16)","decl":{"start":{"line":75,"column":25},"end":{"line":75,"column":26}},"loc":{"start":{"line":75,"column":44},"end":{"line":80,"column":9}},"line":75}},"branchMap":{"0":{"loc":{"start":{"line":10,"column":32},"end":{"line":10,"column":48}},"type":"default-arg","locations":[{"start":{"line":10,"column":46},"end":{"line":10,"column":48}}],"line":10},"1":{"loc":{"start":{"line":14,"column":6},"end":{"line":14,"column":22}},"type":"default-arg","locations":[{"start":{"line":14,"column":20},"end":{"line":14,"column":22}}],"line":14},"2":{"loc":{"start":{"line":15,"column":6},"end":{"line":15,"column":15}},"type":"default-arg","locations":[{"start":{"line":15,"column":13},"end":{"line":15,"column":15}}],"line":15},"3":{"loc":{"start":{"line":16,"column":6},"end":{"line":16,"column":16}},"type":"default-arg","locations":[{"start":{"line":16,"column":15},"end":{"line":16,"column":16}}],"line":16},"4":{"loc":{"start":{"line":17,"column":6},"end":{"line":17,"column":19}},"type":"default-arg","locations":[{"start":{"line":17,"column":18},"end":{"line":17,"column":19}}],"line":17},"5":{"loc":{"start":{"line":31,"column":30},"end":{"line":31,"column":41}},"type":"default-arg","locations":[{"start":{"line":31,"column":39},"end":{"line":31,"column":41}}],"line":31},"6":{"loc":{"start":{"line":36,"column":35},"end":{"line":36,"column":46}},"type":"default-arg","locations":[{"start":{"line":36,"column":44},"end":{"line":36,"column":46}}],"line":36}},"s":{"0":3,"1":3,"2":3,"3":2,"4":2,"5":2,"6":2,"7":2,"8":2,"9":3,"10":2,"11":3,"12":1,"13":1,"14":1,"15":1,"16":3,"17":2,"18":3,"19":1,"20":1,"21":1,"22":1,"23":3,"24":2,"25":3,"26":1,"27":1,"28":1,"29":1,"30":1,"31":3,"32":1},"f":{"0":3,"1":2,"2":2,"3":2,"4":2,"5":1,"6":1,"7":1,"8":2,"9":1,"10":1,"11":1,"12":2,"13":1,"14":1,"15":1,"16":3},"b":{"0":[0],"1":[1],"2":[1],"3":[1],"4":[1],"5":[0],"6":[0]},"_coverageSchema":"332fd63041d2c1bcb487cc26dd0d5f7d97098a6c","hash":"288ada0bc8d15ae41efd69ec5017e188331b9b02"}
,"/Users/innomius/Documents/react-course-projects/expensify-app/src/actions/filters.js": {"path":"/Users/innomius/Documents/react-course-projects/expensify-app/src/actions/filters.js","statementMap":{"0":{"start":{"line":2,"column":29},"end":{"line":5,"column":2}},"1":{"start":{"line":2,"column":45},"end":{"line":5,"column":1}},"2":{"start":{"line":8,"column":26},"end":{"line":10,"column":2}},"3":{"start":{"line":8,"column":33},"end":{"line":10,"column":1}},"4":{"start":{"line":13,"column":28},"end":{"line":15,"column":2}},"5":{"start":{"line":13,"column":35},"end":{"line":15,"column":1}},"6":{"start":{"line":18,"column":28},"end":{"line":21,"column":2}},"7":{"start":{"line":18,"column":44},"end":{"line":21,"column":1}},"8":{"start":{"line":24,"column":26},"end":{"line":27,"column":2}},"9":{"start":{"line":24,"column":40},"end":{"line":27,"column":1}}},"fnMap":{"0":{"name":"(anonymous_0)","decl":{"start":{"line":2,"column":29},"end":{"line":2,"column":30}},"loc":{"start":{"line":2,"column":45},"end":{"line":5,"column":1}},"line":2},"1":{"name":"(anonymous_1)","decl":{"start":{"line":8,"column":26},"end":{"line":8,"column":27}},"loc":{"start":{"line":8,"column":33},"end":{"line":10,"column":1}},"line":8},"2":{"name":"(anonymous_2)","decl":{"start":{"line":13,"column":28},"end":{"line":13,"column":29}},"loc":{"start":{"line":13,"column":35},"end":{"line":15,"column":1}},"line":13},"3":{"name":"(anonymous_3)","decl":{"start":{"line":18,"column":28},"end":{"line":18,"column":29}},"loc":{"start":{"line":18,"column":44},"end":{"line":21,"column":1}},"line":18},"4":{"name":"(anonymous_4)","decl":{"start":{"line":24,"column":26},"end":{"line":24,"column":27}},"loc":{"start":{"line":24,"column":40},"end":{"line":27,"column":1}},"line":24}},"branchMap":{"0":{"loc":{"start":{"line":2,"column":30},"end":{"line":2,"column":39}},"type":"default-arg","locations":[{"start":{"line":2,"column":37},"end":{"line":2,"column":39}}],"line":2}},"s":{"0":3,"1":2,"2":3,"3":1,"4":3,"5":1,"6":3,"7":1,"8":3,"9":1},"f":{"0":2,"1":1,"2":1,"3":1,"4":1},"b":{"0":[1]},"_coverageSchema":"332fd63041d2c1bcb487cc26dd0d5f7d97098a6c","hash":"b9e272cca428e8e8ba634285910b6f047b8ff124"}
,"/Users/innomius/Documents/react-course-projects/expensify-app/src/components/AddExpensePage.js": {"path":"/Users/innomius/Documents/react-course-projects/expensify-app/src/components/AddExpensePage.js","statementMap":{"0":{"start":{"line":8,"column":4},"end":{"line":8,"column":40}},"1":{"start":{"line":9,"column":4},"end":{"line":9,"column":33}},"2":{"start":{"line":12,"column":4},"end":{"line":25,"column":6}},"3":{"start":{"line":29,"column":27},"end":{"line":31,"column":2}},"4":{"start":{"line":29,"column":42},"end":{"line":31,"column":1}},"5":{"start":{"line":30,"column":30},"end":{"line":30,"column":64}}},"fnMap":{"0":{"name":"(anonymous_0)","decl":{"start":{"line":7,"column":13},"end":{"line":7,"column":14}},"loc":{"start":{"line":7,"column":26},"end":{"line":10,"column":3}},"line":7},"1":{"name":"(anonymous_1)","decl":{"start":{"line":11,"column":2},"end":{"line":11,"column":3}},"loc":{"start":{"line":11,"column":10},"end":{"line":26,"column":3}},"line":11},"2":{"name":"(anonymous_2)","decl":{"start":{"line":29,"column":27},"end":{"line":29,"column":28}},"loc":{"start":{"line":29,"column":42},"end":{"line":31,"column":1}},"line":29},"3":{"name":"(anonymous_3)","decl":{"start":{"line":30,"column":19},"end":{"line":30,"column":20}},"loc":{"start":{"line":30,"column":30},"end":{"line":30,"column":64}},"line":30}},"branchMap":{},"s":{"0":1,"1":1,"2":2,"3":1,"4":0,"5":0},"f":{"0":1,"1":2,"2":0,"3":0},"b":{},"_coverageSchema":"332fd63041d2c1bcb487cc26dd0d5f7d97098a6c","hash":"ba73a8b3580975d83bc8cccab6e2e340fdd0abe7"}
,"/Users/innomius/Documents/react-course-projects/expensify-app/src/components/EditExpensePage.js": {"path":"/Users/innomius/Documents/react-course-projects/expensify-app/src/components/EditExpensePage.js","statementMap":{"0":{"start":{"line":8,"column":4},"end":{"line":8,"column":64}},"1":{"start":{"line":9,"column":4},"end":{"line":9,"column":33}},"2":{"start":{"line":13,"column":4},"end":{"line":13,"column":65}},"3":{"start":{"line":14,"column":4},"end":{"line":14,"column":33}},"4":{"start":{"line":18,"column":4},"end":{"line":35,"column":6}},"5":{"start":{"line":39,"column":24},"end":{"line":41,"column":2}},"6":{"start":{"line":39,"column":43},"end":{"line":41,"column":1}},"7":{"start":{"line":40,"column":44},"end":{"line":40,"column":80}},"8":{"start":{"line":43,"column":27},"end":{"line":46,"column":2}},"9":{"start":{"line":43,"column":49},"end":{"line":46,"column":1}},"10":{"start":{"line":44,"column":37},"end":{"line":44,"column":76}},"11":{"start":{"line":45,"column":32},"end":{"line":45,"column":66}}},"fnMap":{"0":{"name":"(anonymous_0)","decl":{"start":{"line":7,"column":13},"end":{"line":7,"column":14}},"loc":{"start":{"line":7,"column":26},"end":{"line":10,"column":3}},"line":7},"1":{"name":"(anonymous_1)","decl":{"start":{"line":12,"column":13},"end":{"line":12,"column":14}},"loc":{"start":{"line":12,"column":19},"end":{"line":15,"column":3}},"line":12},"2":{"name":"(anonymous_2)","decl":{"start":{"line":17,"column":2},"end":{"line":17,"column":3}},"loc":{"start":{"line":17,"column":11},"end":{"line":36,"column":3}},"line":17},"3":{"name":"(anonymous_3)","decl":{"start":{"line":39,"column":24},"end":{"line":39,"column":25}},"loc":{"start":{"line":39,"column":43},"end":{"line":41,"column":1}},"line":39},"4":{"name":"(anonymous_4)","decl":{"start":{"line":40,"column":31},"end":{"line":40,"column":32}},"loc":{"start":{"line":40,"column":44},"end":{"line":40,"column":80}},"line":40},"5":{"name":"(anonymous_5)","decl":{"start":{"line":43,"column":27},"end":{"line":43,"column":28}},"loc":{"start":{"line":43,"column":49},"end":{"line":46,"column":1}},"line":43},"6":{"name":"(anonymous_6)","decl":{"start":{"line":44,"column":20},"end":{"line":44,"column":21}},"loc":{"start":{"line":44,"column":37},"end":{"line":44,"column":76}},"line":44},"7":{"name":"(anonymous_7)","decl":{"start":{"line":45,"column":22},"end":{"line":45,"column":23}},"loc":{"start":{"line":45,"column":32},"end":{"line":45,"column":66}},"line":45}},"branchMap":{},"s":{"0":1,"1":1,"2":1,"3":1,"4":3,"5":1,"6":0,"7":0,"8":1,"9":0,"10":0,"11":0},"f":{"0":1,"1":1,"2":3,"3":0,"4":0,"5":0,"6":0,"7":0},"b":{},"_coverageSchema":"332fd63041d2c1bcb487cc26dd0d5f7d97098a6c","hash":"6042b8c777cb50f74ccb763083458314164e662b"}
,"/Users/innomius/Documents/react-course-projects/expensify-app/src/components/ExpenseDashboardPage.js": {"path":"/Users/innomius/Documents/react-course-projects/expensify-app/src/components/ExpenseDashboardPage.js","statementMap":{"0":{"start":{"line":6,"column":29},"end":{"line":12,"column":1}},"1":{"start":{"line":7,"column":2},"end":{"line":11,"column":8}}},"fnMap":{"0":{"name":"(anonymous_0)","decl":{"start":{"line":6,"column":29},"end":{"line":6,"column":30}},"loc":{"start":{"line":7,"column":2},"end":{"line":11,"column":8}},"line":7}},"branchMap":{},"s":{"0":1,"1":1},"f":{"0":1},"b":{},"_coverageSchema":"332fd63041d2c1bcb487cc26dd0d5f7d97098a6c","hash":"88f37883a6191b5889a7b0e724301ef25e70e7fc"}
,"/Users/innomius/Documents/react-course-projects/expensify-app/src/components/ExpenseForm.js": {"path":"/Users/innomius/Documents/react-course-projects/expensify-app/src/components/ExpenseForm.js","statementMap":{"0":{"start":{"line":7,"column":4},"end":{"line":7,"column":17}},"1":{"start":{"line":8,"column":4},"end":{"line":15,"column":5}},"2":{"start":{"line":19,"column":24},"end":{"line":19,"column":38}},"3":{"start":{"line":20,"column":4},"end":{"line":20,"column":43}},"4":{"start":{"line":20,"column":25},"end":{"line":20,"column":40}},"5":{"start":{"line":24,"column":17},"end":{"line":24,"column":31}},"6":{"start":{"line":25,"column":4},"end":{"line":25,"column":36}},"7":{"start":{"line":25,"column":25},"end":{"line":25,"column":33}},"8":{"start":{"line":29,"column":19},"end":{"line":29,"column":33}},"9":{"start":{"line":30,"column":4},"end":{"line":32,"column":5}},"10":{"start":{"line":31,"column":6},"end":{"line":31,"column":40}},"11":{"start":{"line":31,"column":27},"end":{"line":31,"column":37}},"12":{"start":{"line":36,"column":4},"end":{"line":38,"column":5}},"13":{"start":{"line":37,"column":6},"end":{"line":37,"column":43}},"14":{"start":{"line":37,"column":27},"end":{"line":37,"column":40}},"15":{"start":{"line":42,"column":4},"end":{"line":42,"column":56}},"16":{"start":{"line":42,"column":25},"end":{"line":42,"column":53}},"17":{"start":{"line":46,"column":4},"end":{"line":46,"column":23}},"18":{"start":{"line":47,"column":4},"end":{"line":57,"column":5}},"19":{"start":{"line":48,"column":6},"end":{"line":48,"column":80}},"20":{"start":{"line":48,"column":27},"end":{"line":48,"column":77}},"21":{"start":{"line":50,"column":6},"end":{"line":50,"column":43}},"22":{"start":{"line":50,"column":27},"end":{"line":50,"column":40}},"23":{"start":{"line":51,"column":6},"end":{"line":56,"column":8}},"24":{"start":{"line":61,"column":4},"end":{"line":98,"column":5}},"25":{"start":{"line":85,"column":35},"end":{"line":85,"column":40}}},"fnMap":{"0":{"name":"(anonymous_0)","decl":{"start":{"line":6,"column":2},"end":{"line":6,"column":3}},"loc":{"start":{"line":6,"column":20},"end":{"line":16,"column":3}},"line":6},"1":{"name":"(anonymous_1)","decl":{"start":{"line":18,"column":24},"end":{"line":18,"column":25}},"loc":{"start":{"line":18,"column":31},"end":{"line":21,"column":3}},"line":18},"2":{"name":"(anonymous_2)","decl":{"start":{"line":20,"column":18},"end":{"line":20,"column":19}},"loc":{"start":{"line":20,"column":25},"end":{"line":20,"column":40}},"line":20},"3":{"name":"(anonymous_3)","decl":{"start":{"line":23,"column":17},"end":{"line":23,"column":18}},"loc":{"start":{"line":23,"column":24},"end":{"line":26,"column":3}},"line":23},"4":{"name":"(anonymous_4)","decl":{"start":{"line":25,"column":18},"end":{"line":25,"column":19}},"loc":{"start":{"line":25,"column":25},"end":{"line":25,"column":33}},"line":25},"5":{"name":"(anonymous_5)","decl":{"start":{"line":28,"column":19},"end":{"line":28,"column":20}},"loc":{"start":{"line":28,"column":26},"end":{"line":33,"column":3}},"line":28},"6":{"name":"(anonymous_6)","decl":{"start":{"line":31,"column":20},"end":{"line":31,"column":21}},"loc":{"start":{"line":31,"column":27},"end":{"line":31,"column":37}},"line":31},"7":{"name":"(anonymous_7)","decl":{"start":{"line":35,"column":17},"end":{"line":35,"column":18}},"loc":{"start":{"line":35,"column":32},"end":{"line":39,"column":3}},"line":35},"8":{"name":"(anonymous_8)","decl":{"start":{"line":37,"column":20},"end":{"line":37,"column":21}},"loc":{"start":{"line":37,"column":27},"end":{"line":37,"column":40}},"line":37},"9":{"name":"(anonymous_9)","decl":{"start":{"line":41,"column":18},"end":{"line":41,"column":19}},"loc":{"start":{"line":41,"column":35},"end":{"line":43,"column":3}},"line":41},"10":{"name":"(anonymous_10)","decl":{"start":{"line":42,"column":18},"end":{"line":42,"column":19}},"loc":{"start":{"line":42,"column":25},"end":{"line":42,"column":53}},"line":42},"11":{"name":"(anonymous_11)","decl":{"start":{"line":45,"column":13},"end":{"line":45,"column":14}},"loc":{"start":{"line":45,"column":20},"end":{"line":58,"column":3}},"line":45},"12":{"name":"(anonymous_12)","decl":{"start":{"line":48,"column":20},"end":{"line":48,"column":21}},"loc":{"start":{"line":48,"column":27},"end":{"line":48,"column":77}},"line":48},"13":{"name":"(anonymous_13)","decl":{"start":{"line":50,"column":20},"end":{"line":50,"column":21}},"loc":{"start":{"line":50,"column":27},"end":{"line":50,"column":40}},"line":50},"14":{"name":"(anonymous_14)","decl":{"start":{"line":60,"column":2},"end":{"line":60,"column":3}},"loc":{"start":{"line":60,"column":10},"end":{"line":99,"column":3}},"line":60},"15":{"name":"(anonymous_15)","decl":{"start":{"line":85,"column":26},"end":{"line":85,"column":27}},"loc":{"start":{"line":85,"column":35},"end":{"line":85,"column":40}},"line":85}},"branchMap":{"0":{"loc":{"start":{"line":9,"column":19},"end":{"line":9,"column":65}},"type":"cond-expr","locations":[{"start":{"line":9,"column":35},"end":{"line":9,"column":60}},{"start":{"line":9,"column":63},"end":{"line":9,"column":65}}],"line":9},"1":{"loc":{"start":{"line":10,"column":12},"end":{"line":10,"column":51}},"type":"cond-expr","locations":[{"start":{"line":10,"column":28},"end":{"line":10,"column":46}},{"start":{"line":10,"column":49},"end":{"line":10,"column":51}}],"line":10},"2":{"loc":{"start":{"line":11,"column":14},"end":{"line":11,"column":72}},"type":"cond-expr","locations":[{"start":{"line":11,"column":30},"end":{"line":11,"column":67}},{"start":{"line":11,"column":70},"end":{"line":11,"column":72}}],"line":11},"3":{"loc":{"start":{"line":12,"column":17},"end":{"line":12,"column":75}},"type":"cond-expr","locations":[{"start":{"line":12,"column":33},"end":{"line":12,"column":64}},{"start":{"line":12,"column":67},"end":{"line":12,"column":75}}],"line":12},"4":{"loc":{"start":{"line":30,"column":4},"end":{"line":32,"column":5}},"type":"if","locations":[{"start":{"line":30,"column":4},"end":{"line":32,"column":5}},{"start":{"line":30,"column":4},"end":{"line":32,"column":5}}],"line":30},"5":{"loc":{"start":{"line":30,"column":7},"end":{"line":30,"column":54}},"type":"binary-expr","locations":[{"start":{"line":30,"column":7},"end":{"line":30,"column":14}},{"start":{"line":30,"column":18},"end":{"line":30,"column":54}}],"line":30},"6":{"loc":{"start":{"line":36,"column":4},"end":{"line":38,"column":5}},"type":"if","locations":[{"start":{"line":36,"column":4},"end":{"line":38,"column":5}},{"start":{"line":36,"column":4},"end":{"line":38,"column":5}}],"line":36},"7":{"loc":{"start":{"line":47,"column":4},"end":{"line":57,"column":5}},"type":"if","locations":[{"start":{"line":47,"column":4},"end":{"line":57,"column":5}},{"start":{"line":47,"column":4},"end":{"line":57,"column":5}}],"line":47},"8":{"loc":{"start":{"line":47,"column":7},"end":{"line":47,"column":52}},"type":"binary-expr","locations":[{"start":{"line":47,"column":7},"end":{"line":47,"column":30}},{"start":{"line":47,"column":34},"end":{"line":47,"column":52}}],"line":47},"9":{"loc":{"start":{"line":63,"column":9},"end":{"line":63,"column":78}},"type":"binary-expr","locations":[{"start":{"line":63,"column":9},"end":{"line":63,"column":25}},{"start":{"line":63,"column":29},"end":{"line":63,"column":78}}],"line":63}},"s":{"0":10,"1":10,"2":1,"3":1,"4":1,"5":1,"6":1,"7":1,"8":2,"9":2,"10":1,"11":1,"12":1,"13":1,"14":1,"15":1,"16":1,"17":2,"18":2,"19":1,"20":1,"21":1,"22":1,"23":1,"24":17,"25":0},"f":{"0":10,"1":1,"2":1,"3":1,"4":1,"5":2,"6":1,"7":1,"8":1,"9":1,"10":1,"11":2,"12":1,"13":1,"14":17,"15":0},"b":{"0":[2,8],"1":[2,8],"2":[2,8],"3":[2,8],"4":[1,1],"5":[2,2],"6":[1,0],"7":[1,1],"8":[2,1],"9":[17,1]},"_coverageSchema":"332fd63041d2c1bcb487cc26dd0d5f7d97098a6c","hash":"23f0cbd4efdb58c6da8e26b6715b0333758ad46d"}
,"/Users/innomius/Documents/react-course-projects/expensify-app/src/components/ExpenseList.js": {"path":"/Users/innomius/Documents/react-course-projects/expensify-app/src/components/ExpenseList.js","statementMap":{"0":{"start":{"line":6,"column":27},"end":{"line":27,"column":1}},"1":{"start":{"line":7,"column":2},"end":{"line":26,"column":8}},"2":{"start":{"line":21,"column":12},"end":{"line":21,"column":61}},"3":{"start":{"line":29,"column":24},"end":{"line":33,"column":1}},"4":{"start":{"line":30,"column":2},"end":{"line":32,"column":4}}},"fnMap":{"0":{"name":"(anonymous_0)","decl":{"start":{"line":6,"column":27},"end":{"line":6,"column":28}},"loc":{"start":{"line":7,"column":2},"end":{"line":26,"column":8}},"line":7},"1":{"name":"(anonymous_1)","decl":{"start":{"line":20,"column":29},"end":{"line":20,"column":30}},"loc":{"start":{"line":21,"column":12},"end":{"line":21,"column":61}},"line":21},"2":{"name":"(anonymous_2)","decl":{"start":{"line":29,"column":24},"end":{"line":29,"column":25}},"loc":{"start":{"line":29,"column":35},"end":{"line":33,"column":1}},"line":29}},"branchMap":{"0":{"loc":{"start":{"line":15,"column":8},"end":{"line":23,"column":9}},"type":"cond-expr","locations":[{"start":{"line":16,"column":10},"end":{"line":18,"column":16}},{"start":{"line":20,"column":10},"end":{"line":22,"column":12}}],"line":15}},"s":{"0":2,"1":2,"2":3,"3":2,"4":0},"f":{"0":2,"1":3,"2":0},"b":{"0":[1,1]},"_coverageSchema":"332fd63041d2c1bcb487cc26dd0d5f7d97098a6c","hash":"3c40b3b97bdf94c7fbccbe91eef1c9d06805817a"}
,"/Users/innomius/Documents/react-course-projects/expensify-app/src/components/ExpenseListFilters.js": {"path":"/Users/innomius/Documents/react-course-projects/expensify-app/src/components/ExpenseListFilters.js","statementMap":{"0":{"start":{"line":8,"column":4},"end":{"line":8,"column":17}},"1":{"start":{"line":9,"column":4},"end":{"line":11,"column":5}},"2":{"start":{"line":15,"column":4},"end":{"line":15,"column":39}},"3":{"start":{"line":16,"column":4},"end":{"line":16,"column":35}},"4":{"start":{"line":20,"column":4},"end":{"line":20,"column":47}},"5":{"start":{"line":20,"column":25},"end":{"line":20,"column":44}},"6":{"start":{"line":24,"column":4},"end":{"line":24,"column":45}},"7":{"start":{"line":28,"column":4},"end":{"line":32,"column":5}},"8":{"start":{"line":29,"column":6},"end":{"line":29,"column":30}},"9":{"start":{"line":30,"column":11},"end":{"line":32,"column":5}},"10":{"start":{"line":31,"column":6},"end":{"line":31,"column":32}},"11":{"start":{"line":36,"column":4},"end":{"line":72,"column":6}},"12":{"start":{"line":67,"column":36},"end":{"line":67,"column":41}},"13":{"start":{"line":76,"column":24},"end":{"line":78,"column":2}},"14":{"start":{"line":76,"column":36},"end":{"line":78,"column":1}},"15":{"start":{"line":80,"column":27},"end":{"line":86,"column":2}},"16":{"start":{"line":80,"column":42},"end":{"line":86,"column":1}},"17":{"start":{"line":81,"column":27},"end":{"line":81,"column":56}},"18":{"start":{"line":82,"column":20},"end":{"line":82,"column":42}},"19":{"start":{"line":83,"column":22},"end":{"line":83,"column":46}},"20":{"start":{"line":84,"column":31},"end":{"line":84,"column":64}},"21":{"start":{"line":85,"column":27},"end":{"line":85,"column":56}}},"fnMap":{"0":{"name":"(anonymous_0)","decl":{"start":{"line":7,"column":2},"end":{"line":7,"column":3}},"loc":{"start":{"line":7,"column":20},"end":{"line":12,"column":3}},"line":7},"1":{"name":"(anonymous_1)","decl":{"start":{"line":14,"column":18},"end":{"line":14,"column":19}},"loc":{"start":{"line":14,"column":46},"end":{"line":17,"column":3}},"line":14},"2":{"name":"(anonymous_2)","decl":{"start":{"line":19,"column":18},"end":{"line":19,"column":19}},"loc":{"start":{"line":19,"column":39},"end":{"line":21,"column":3}},"line":19},"3":{"name":"(anonymous_3)","decl":{"start":{"line":20,"column":18},"end":{"line":20,"column":19}},"loc":{"start":{"line":20,"column":25},"end":{"line":20,"column":44}},"line":20},"4":{"name":"(anonymous_4)","decl":{"start":{"line":23,"column":17},"end":{"line":23,"column":18}},"loc":{"start":{"line":23,"column":24},"end":{"line":25,"column":3}},"line":23},"5":{"name":"(anonymous_5)","decl":{"start":{"line":27,"column":17},"end":{"line":27,"column":18}},"loc":{"start":{"line":27,"column":24},"end":{"line":33,"column":3}},"line":27},"6":{"name":"(anonymous_6)","decl":{"start":{"line":35,"column":2},"end":{"line":35,"column":3}},"loc":{"start":{"line":35,"column":10},"end":{"line":73,"column":3}},"line":35},"7":{"name":"(anonymous_7)","decl":{"start":{"line":67,"column":30},"end":{"line":67,"column":31}},"loc":{"start":{"line":67,"column":36},"end":{"line":67,"column":41}},"line":67},"8":{"name":"(anonymous_8)","decl":{"start":{"line":76,"column":24},"end":{"line":76,"column":25}},"loc":{"start":{"line":76,"column":36},"end":{"line":78,"column":1}},"line":76},"9":{"name":"(anonymous_9)","decl":{"start":{"line":80,"column":27},"end":{"line":80,"column":28}},"loc":{"start":{"line":80,"column":42},"end":{"line":86,"column":1}},"line":80},"10":{"name":"(anonymous_10)","decl":{"start":{"line":81,"column":17},"end":{"line":81,"column":18}},"loc":{"start":{"line":81,"column":27},"end":{"line":81,"column":56}},"line":81},"11":{"name":"(anonymous_11)","decl":{"start":{"line":82,"column":14},"end":{"line":82,"column":15}},"loc":{"start":{"line":82,"column":20},"end":{"line":82,"column":42}},"line":82},"12":{"name":"(anonymous_12)","decl":{"start":{"line":83,"column":16},"end":{"line":83,"column":17}},"loc":{"start":{"line":83,"column":22},"end":{"line":83,"column":46}},"line":83},"13":{"name":"(anonymous_13)","decl":{"start":{"line":84,"column":16},"end":{"line":84,"column":17}},"loc":{"start":{"line":84,"column":31},"end":{"line":84,"column":64}},"line":84},"14":{"name":"(anonymous_14)","decl":{"start":{"line":85,"column":14},"end":{"line":85,"column":15}},"loc":{"start":{"line":85,"column":27},"end":{"line":85,"column":56}},"line":85}},"branchMap":{"0":{"loc":{"start":{"line":28,"column":4},"end":{"line":32,"column":5}},"type":"if","locations":[{"start":{"line":28,"column":4},"end":{"line":32,"column":5}},{"start":{"line":28,"column":4},"end":{"line":32,"column":5}}],"line":28},"1":{"loc":{"start":{"line":30,"column":11},"end":{"line":32,"column":5}},"type":"if","locations":[{"start":{"line":30,"column":11},"end":{"line":32,"column":5}},{"start":{"line":30,"column":11},"end":{"line":32,"column":5}}],"line":30}},"s":{"0":7,"1":7,"2":1,"3":1,"4":1,"5":1,"6":1,"7":2,"8":1,"9":1,"10":1,"11":10,"12":0,"13":2,"14":0,"15":2,"16":0,"17":0,"18":0,"19":0,"20":0,"21":0},"f":{"0":7,"1":1,"2":1,"3":1,"4":1,"5":2,"6":10,"7":0,"8":0,"9":0,"10":0,"11":0,"12":0,"13":0,"14":0},"b":{"0":[1,1],"1":[1,0]},"_coverageSchema":"332fd63041d2c1bcb487cc26dd0d5f7d97098a6c","hash":"070016a332a52b1a16faae4218f6a29c607e1534"}
,"/Users/innomius/Documents/react-course-projects/expensify-app/src/components/ExpenseListItem.js": {"path":"/Users/innomius/Documents/react-course-projects/expensify-app/src/components/ExpenseListItem.js","statementMap":{"0":{"start":{"line":6,"column":24},"end":{"line":14,"column":1}},"1":{"start":{"line":7,"column":2},"end":{"line":13,"column":9}}},"fnMap":{"0":{"name":"(anonymous_0)","decl":{"start":{"line":6,"column":24},"end":{"line":6,"column":25}},"loc":{"start":{"line":7,"column":2},"end":{"line":13,"column":9}},"line":7}},"branchMap":{},"s":{"0":3,"1":1},"f":{"0":1},"b":{},"_coverageSchema":"332fd63041d2c1bcb487cc26dd0d5f7d97098a6c","hash":"a9059408e093f0ea8f89c97bf20a654d7b533ce0"}
,"/Users/innomius/Documents/react-course-projects/expensify-app/src/components/ExpensesSummary.js": {"path":"/Users/innomius/Documents/react-course-projects/expensify-app/src/components/ExpensesSummary.js","statementMap":{"0":{"start":{"line":8,"column":31},"end":{"line":21,"column":1}},"1":{"start":{"line":9,"column":22},"end":{"line":9,"column":65}},"2":{"start":{"line":10,"column":33},"end":{"line":10,"column":79}},"3":{"start":{"line":11,"column":2},"end":{"line":20,"column":3}},"4":{"start":{"line":23,"column":24},"end":{"line":29,"column":1}},"5":{"start":{"line":24,"column":26},"end":{"line":24,"column":71}},"6":{"start":{"line":25,"column":2},"end":{"line":28,"column":4}}},"fnMap":{"0":{"name":"(anonymous_0)","decl":{"start":{"line":8,"column":31},"end":{"line":8,"column":32}},"loc":{"start":{"line":8,"column":66},"end":{"line":21,"column":1}},"line":8},"1":{"name":"(anonymous_1)","decl":{"start":{"line":23,"column":24},"end":{"line":23,"column":25}},"loc":{"start":{"line":23,"column":35},"end":{"line":29,"column":1}},"line":23}},"branchMap":{"0":{"loc":{"start":{"line":9,"column":22},"end":{"line":9,"column":65}},"type":"cond-expr","locations":[{"start":{"line":9,"column":43},"end":{"line":9,"column":52}},{"start":{"line":9,"column":55},"end":{"line":9,"column":65}}],"line":9}},"s":{"0":2,"1":2,"2":2,"3":2,"4":2,"5":0,"6":0},"f":{"0":2,"1":0},"b":{"0":[1,1]},"_coverageSchema":"332fd63041d2c1bcb487cc26dd0d5f7d97098a6c","hash":"15292c144e0f2cd03662488004ebd03dd856f922"}
,"/Users/innomius/Documents/react-course-projects/expensify-app/src/components/Header.js": {"path":"/Users/innomius/Documents/react-course-projects/expensify-app/src/components/Header.js","statementMap":{"0":{"start":{"line":6,"column":22},"end":{"line":19,"column":1}},"1":{"start":{"line":7,"column":2},"end":{"line":18,"column":11}},"2":{"start":{"line":21,"column":27},"end":{"line":23,"column":2}},"3":{"start":{"line":21,"column":42},"end":{"line":23,"column":1}},"4":{"start":{"line":22,"column":21},"end":{"line":22,"column":44}}},"fnMap":{"0":{"name":"(anonymous_0)","decl":{"start":{"line":6,"column":22},"end":{"line":6,"column":23}},"loc":{"start":{"line":7,"column":2},"end":{"line":18,"column":11}},"line":7},"1":{"name":"(anonymous_1)","decl":{"start":{"line":21,"column":27},"end":{"line":21,"column":28}},"loc":{"start":{"line":21,"column":42},"end":{"line":23,"column":1}},"line":21},"2":{"name":"(anonymous_2)","decl":{"start":{"line":22,"column":15},"end":{"line":22,"column":16}},"loc":{"start":{"line":22,"column":21},"end":{"line":22,"column":44}},"line":22}},"branchMap":{},"s":{"0":1,"1":2,"2":1,"3":0,"4":0},"f":{"0":2,"1":0,"2":0},"b":{},"_coverageSchema":"332fd63041d2c1bcb487cc26dd0d5f7d97098a6c","hash":"cdd1a6aabcbaa5727060ff710873e56e97bb83eb"}
,"/Users/innomius/Documents/react-course-projects/expensify-app/src/components/LoadingPage.js": {"path":"/Users/innomius/Documents/react-course-projects/expensify-app/src/components/LoadingPage.js","statementMap":{"0":{"start":{"line":3,"column":20},"end":{"line":7,"column":1}},"1":{"start":{"line":4,"column":2},"end":{"line":6,"column":8}}},"fnMap":{"0":{"name":"(anonymous_0)","decl":{"start":{"line":3,"column":20},"end":{"line":3,"column":21}},"loc":{"start":{"line":4,"column":2},"end":{"line":6,"column":8}},"line":4}},"branchMap":{},"s":{"0":1,"1":1},"f":{"0":1},"b":{},"_coverageSchema":"332fd63041d2c1bcb487cc26dd0d5f7d97098a6c","hash":"89ebbc59cf2600532d2549285c44773b253e797c"}
,"/Users/innomius/Documents/react-course-projects/expensify-app/src/components/LoginPage.js": {"path":"/Users/innomius/Documents/react-course-projects/expensify-app/src/components/LoginPage.js","statementMap":{"0":{"start":{"line":5,"column":25},"end":{"line":18,"column":1}},"1":{"start":{"line":6,"column":2},"end":{"line":17,"column":8}},"2":{"start":{"line":20,"column":27},"end":{"line":22,"column":2}},"3":{"start":{"line":20,"column":42},"end":{"line":22,"column":1}},"4":{"start":{"line":21,"column":20},"end":{"line":21,"column":42}}},"fnMap":{"0":{"name":"(anonymous_0)","decl":{"start":{"line":5,"column":25},"end":{"line":5,"column":26}},"loc":{"start":{"line":6,"column":2},"end":{"line":17,"column":8}},"line":6},"1":{"name":"(anonymous_1)","decl":{"start":{"line":20,"column":27},"end":{"line":20,"column":28}},"loc":{"start":{"line":20,"column":42},"end":{"line":22,"column":1}},"line":20},"2":{"name":"(anonymous_2)","decl":{"start":{"line":21,"column":14},"end":{"line":21,"column":15}},"loc":{"start":{"line":21,"column":20},"end":{"line":21,"column":42}},"line":21}},"branchMap":{},"s":{"0":1,"1":2,"2":1,"3":0,"4":0},"f":{"0":2,"1":0,"2":0},"b":{},"_coverageSchema":"332fd63041d2c1bcb487cc26dd0d5f7d97098a6c","hash":"1c15934655c138acf687735bfc975bc295b54c33"}
,"/Users/innomius/Documents/react-course-projects/expensify-app/src/components/NotFoundPage.js": {"path":"/Users/innomius/Documents/react-course-projects/expensify-app/src/components/NotFoundPage.js","statementMap":{"0":{"start":{"line":4,"column":21},"end":{"line":8,"column":1}},"1":{"start":{"line":5,"column":2},"end":{"line":7,"column":8}}},"fnMap":{"0":{"name":"(anonymous_0)","decl":{"start":{"line":4,"column":21},"end":{"line":4,"column":22}},"loc":{"start":{"line":5,"column":2},"end":{"line":7,"column":8}},"line":5}},"branchMap":{},"s":{"0":1,"1":1},"f":{"0":1},"b":{},"_coverageSchema":"332fd63041d2c1bcb487cc26dd0d5f7d97098a6c","hash":"fe41b6af57329976e3ff0295f1a5e6d0f9274124"}
,"/Users/innomius/Documents/react-course-projects/expensify-app/src/firebase/firebase.js": {"path":"/Users/innomius/Documents/react-course-projects/expensify-app/src/firebase/firebase.js","statementMap":{"0":{"start":{"line":3,"column":15},"end":{"line":10,"column":1}},"1":{"start":{"line":12,"column":0},"end":{"line":12,"column":31}},"2":{"start":{"line":14,"column":17},"end":{"line":14,"column":36}},"3":{"start":{"line":15,"column":27},"end":{"line":15,"column":65}}},"fnMap":{},"branchMap":{},"s":{"0":6,"1":6,"2":6,"3":6},"f":{},"b":{},"_coverageSchema":"332fd63041d2c1bcb487cc26dd0d5f7d97098a6c","hash":"38bc5ab5d65206341202b57d649facf2d828c84a"}
,"/Users/innomius/Documents/react-course-projects/expensify-app/src/reducers/auth.js": {"path":"/Users/innomius/Documents/react-course-projects/expensify-app/src/reducers/auth.js","statementMap":{"0":{"start":{"line":2,"column":2},"end":{"line":11,"column":3}},"1":{"start":{"line":4,"column":6},"end":{"line":6,"column":8}},"2":{"start":{"line":8,"column":6},"end":{"line":8,"column":16}},"3":{"start":{"line":10,"column":6},"end":{"line":10,"column":19}}},"fnMap":{"0":{"name":"(anonymous_0)","decl":{"start":{"line":1,"column":15},"end":{"line":1,"column":16}},"loc":{"start":{"line":1,"column":39},"end":{"line":12,"column":1}},"line":1}},"branchMap":{"0":{"loc":{"start":{"line":1,"column":16},"end":{"line":1,"column":26}},"type":"default-arg","locations":[{"start":{"line":1,"column":24},"end":{"line":1,"column":26}}],"line":1},"1":{"loc":{"start":{"line":2,"column":2},"end":{"line":11,"column":3}},"type":"switch","locations":[{"start":{"line":3,"column":4},"end":{"line":6,"column":8}},{"start":{"line":7,"column":4},"end":{"line":8,"column":16}},{"start":{"line":9,"column":4},"end":{"line":10,"column":19}}],"line":2}},"s":{"0":3,"1":1,"2":1,"3":1},"f":{"0":3},"b":{"0":[1],"1":[1,1,1]},"_coverageSchema":"332fd63041d2c1bcb487cc26dd0d5f7d97098a6c","hash":"936abaadab042eaf1b02d0ad657dacf41c52be02"}
,"/Users/innomius/Documents/react-course-projects/expensify-app/src/reducers/expenses.js": {"path":"/Users/innomius/Documents/react-course-projects/expensify-app/src/reducers/expenses.js","statementMap":{"0":{"start":{"line":3,"column":36},"end":{"line":3,"column":38}},"1":{"start":{"line":5,"column":24},"end":{"line":30,"column":1}},"2":{"start":{"line":6,"column":2},"end":{"line":29,"column":3}},"3":{"start":{"line":8,"column":6},"end":{"line":11,"column":8}},"4":{"start":{"line":13,"column":6},"end":{"line":13,"column":56}},"5":{"start":{"line":13,"column":38},"end":{"line":13,"column":54}},"6":{"start":{"line":15,"column":6},"end":{"line":24,"column":9}},"7":{"start":{"line":16,"column":8},"end":{"line":23,"column":9}},"8":{"start":{"line":17,"column":10},"end":{"line":20,"column":12}},"9":{"start":{"line":22,"column":10},"end":{"line":22,"column":25}},"10":{"start":{"line":26,"column":6},"end":{"line":26,"column":29}},"11":{"start":{"line":28,"column":6},"end":{"line":28,"column":19}}},"fnMap":{"0":{"name":"(anonymous_0)","decl":{"start":{"line":5,"column":24},"end":{"line":5,"column":25}},"loc":{"start":{"line":5,"column":73},"end":{"line":30,"column":1}},"line":5},"1":{"name":"(anonymous_1)","decl":{"start":{"line":13,"column":26},"end":{"line":13,"column":27}},"loc":{"start":{"line":13,"column":38},"end":{"line":13,"column":54}},"line":13},"2":{"name":"(anonymous_2)","decl":{"start":{"line":15,"column":23},"end":{"line":15,"column":24}},"loc":{"start":{"line":15,"column":36},"end":{"line":24,"column":7}},"line":15}},"branchMap":{"0":{"loc":{"start":{"line":5,"column":25},"end":{"line":5,"column":60}},"type":"default-arg","locations":[{"start":{"line":5,"column":33},"end":{"line":5,"column":60}}],"line":5},"1":{"loc":{"start":{"line":6,"column":2},"end":{"line":29,"column":3}},"type":"switch","locations":[{"start":{"line":7,"column":4},"end":{"line":11,"column":8}},{"start":{"line":12,"column":4},"end":{"line":13,"column":56}},{"start":{"line":14,"column":4},"end":{"line":24,"column":9}},{"start":{"line":25,"column":4},"end":{"line":26,"column":29}},{"start":{"line":27,"column":4},"end":{"line":28,"column":19}}],"line":6},"2":{"loc":{"start":{"line":16,"column":8},"end":{"line":23,"column":9}},"type":"if","locations":[{"start":{"line":16,"column":8},"end":{"line":23,"column":9}},{"start":{"line":16,"column":8},"end":{"line":23,"column":9}}],"line":16}},"s":{"0":1,"1":1,"2":7,"3":1,"4":2,"5":6,"6":2,"7":6,"8":1,"9":5,"10":1,"11":1},"f":{"0":7,"1":6,"2":6},"b":{"0":[1],"1":[1,2,2,1,1],"2":[1,5]},"_coverageSchema":"332fd63041d2c1bcb487cc26dd0d5f7d97098a6c","hash":"3b607b65c6d89aeb32b52722f75efeca055dfdf6"}
,"/Users/innomius/Documents/react-course-projects/expensify-app/src/reducers/filters.js": {"path":"/Users/innomius/Documents/react-course-projects/expensify-app/src/reducers/filters.js","statementMap":{"0":{"start":{"line":5,"column":35},"end":{"line":10,"column":1}},"1":{"start":{"line":11,"column":23},"end":{"line":41,"column":1}},"2":{"start":{"line":12,"column":2},"end":{"line":40,"column":3}},"3":{"start":{"line":14,"column":6},"end":{"line":17,"column":8}},"4":{"start":{"line":19,"column":6},"end":{"line":22,"column":7}},"5":{"start":{"line":24,"column":6},"end":{"line":27,"column":7}},"6":{"start":{"line":29,"column":6},"end":{"line":32,"column":7}},"7":{"start":{"line":34,"column":6},"end":{"line":37,"column":7}},"8":{"start":{"line":39,"column":6},"end":{"line":39,"column":19}}},"fnMap":{"0":{"name":"(anonymous_0)","decl":{"start":{"line":11,"column":23},"end":{"line":11,"column":24}},"loc":{"start":{"line":11,"column":71},"end":{"line":41,"column":1}},"line":11}},"branchMap":{"0":{"loc":{"start":{"line":11,"column":24},"end":{"line":11,"column":58}},"type":"default-arg","locations":[{"start":{"line":11,"column":32},"end":{"line":11,"column":58}}],"line":11},"1":{"loc":{"start":{"line":12,"column":2},"end":{"line":40,"column":3}},"type":"switch","locations":[{"start":{"line":13,"column":4},"end":{"line":17,"column":8}},{"start":{"line":18,"column":4},"end":{"line":22,"column":7}},{"start":{"line":23,"column":4},"end":{"line":27,"column":7}},{"start":{"line":28,"column":4},"end":{"line":32,"column":7}},{"start":{"line":33,"column":4},"end":{"line":37,"column":7}},{"start":{"line":38,"column":4},"end":{"line":39,"column":19}}],"line":12}},"s":{"0":1,"1":1,"2":6,"3":1,"4":1,"5":1,"6":1,"7":1,"8":1},"f":{"0":6},"b":{"0":[5],"1":[1,1,1,1,1,1]},"_coverageSchema":"332fd63041d2c1bcb487cc26dd0d5f7d97098a6c","hash":"ac90c64be2b5340eaf70180d58558ececa882e72"}
,"/Users/innomius/Documents/react-course-projects/expensify-app/src/selectors/expenses-total.js": {"path":"/Users/innomius/Documents/react-course-projects/expensify-app/src/selectors/expenses-total.js","statementMap":{"0":{"start":{"line":4,"column":2},"end":{"line":6,"column":44}},"1":{"start":{"line":5,"column":22},"end":{"line":5,"column":36}},"2":{"start":{"line":6,"column":28},"end":{"line":6,"column":39}}},"fnMap":{"0":{"name":"(anonymous_0)","decl":{"start":{"line":3,"column":15},"end":{"line":3,"column":16}},"loc":{"start":{"line":3,"column":29},"end":{"line":7,"column":1}},"line":3},"1":{"name":"(anonymous_1)","decl":{"start":{"line":5,"column":9},"end":{"line":5,"column":10}},"loc":{"start":{"line":5,"column":22},"end":{"line":5,"column":36}},"line":5},"2":{"name":"(anonymous_2)","decl":{"start":{"line":6,"column":12},"end":{"line":6,"column":13}},"loc":{"start":{"line":6,"column":28},"end":{"line":6,"column":39}},"line":6}},"branchMap":{},"s":{"0":3,"1":4,"2":4},"f":{"0":3,"1":4,"2":4},"b":{},"_coverageSchema":"332fd63041d2c1bcb487cc26dd0d5f7d97098a6c","hash":"7c9e806c382c5466fde57df1d2ff33eb8228b8fb"}
,"/Users/innomius/Documents/react-course-projects/expensify-app/src/selectors/expenses.js": {"path":"/Users/innomius/Documents/react-course-projects/expensify-app/src/selectors/expenses.js","statementMap":{"0":{"start":{"line":5,"column":27},"end":{"line":21,"column":1}},"1":{"start":{"line":6,"column":2},"end":{"line":20,"column":5}},"2":{"start":{"line":7,"column":28},"end":{"line":7,"column":53}},"3":{"start":{"line":8,"column":27},"end":{"line":8,"column":94}},"4":{"start":{"line":9,"column":25},"end":{"line":9,"column":87}},"5":{"start":{"line":10,"column":22},"end":{"line":10,"column":84}},"6":{"start":{"line":12,"column":4},"end":{"line":12,"column":55}},"7":{"start":{"line":14,"column":4},"end":{"line":16,"column":5}},"8":{"start":{"line":15,"column":6},"end":{"line":15,"column":47}},"9":{"start":{"line":17,"column":4},"end":{"line":19,"column":5}},"10":{"start":{"line":18,"column":6},"end":{"line":18,"column":41}}},"fnMap":{"0":{"name":"(anonymous_0)","decl":{"start":{"line":5,"column":27},"end":{"line":5,"column":28}},"loc":{"start":{"line":5,"column":77},"end":{"line":21,"column":1}},"line":5},"1":{"name":"(anonymous_1)","decl":{"start":{"line":6,"column":25},"end":{"line":6,"column":26}},"loc":{"start":{"line":6,"column":38},"end":{"line":13,"column":3}},"line":6},"2":{"name":"(anonymous_2)","decl":{"start":{"line":13,"column":10},"end":{"line":13,"column":11}},"loc":{"start":{"line":13,"column":20},"end":{"line":20,"column":3}},"line":13}},"branchMap":{"0":{"loc":{"start":{"line":8,"column":27},"end":{"line":8,"column":94}},"type":"cond-expr","locations":[{"start":{"line":8,"column":39},"end":{"line":8,"column":87}},{"start":{"line":8,"column":90},"end":{"line":8,"column":94}}],"line":8},"1":{"loc":{"start":{"line":9,"column":25},"end":{"line":9,"column":87}},"type":"cond-expr","locations":[{"start":{"line":9,"column":35},"end":{"line":9,"column":80}},{"start":{"line":9,"column":83},"end":{"line":9,"column":87}}],"line":9},"2":{"loc":{"start":{"line":12,"column":11},"end":{"line":12,"column":54}},"type":"binary-expr","locations":[{"start":{"line":12,"column":11},"end":{"line":12,"column":25}},{"start":{"line":12,"column":29},"end":{"line":12,"column":41}},{"start":{"line":12,"column":45},"end":{"line":12,"column":54}}],"line":12},"3":{"loc":{"start":{"line":14,"column":4},"end":{"line":16,"column":5}},"type":"if","locations":[{"start":{"line":14,"column":4},"end":{"line":16,"column":5}},{"start":{"line":14,"column":4},"end":{"line":16,"column":5}}],"line":14},"4":{"loc":{"start":{"line":15,"column":13},"end":{"line":15,"column":47}},"type":"cond-expr","locations":[{"start":{"line":15,"column":41},"end":{"line":15,"column":42}},{"start":{"line":15,"column":45},"end":{"line":15,"column":47}}],"line":15},"5":{"loc":{"start":{"line":17,"column":4},"end":{"line":19,"column":5}},"type":"if","locations":[{"start":{"line":17,"column":4},"end":{"line":19,"column":5}},{"start":{"line":17,"column":4},"end":{"line":19,"column":5}}],"line":17},"6":{"loc":{"start":{"line":18,"column":13},"end":{"line":18,"column":41}},"type":"cond-expr","locations":[{"start":{"line":18,"column":35},"end":{"line":18,"column":36}},{"start":{"line":18,"column":39},"end":{"line":18,"column":41}}],"line":18}},"s":{"0":4,"1":5,"2":15,"3":15,"4":15,"5":15,"6":15,"7":9,"8":6,"9":3,"10":3},"f":{"0":5,"1":15,"2":9},"b":{"0":[3,12],"1":[3,12],"2":[15,14,13],"3":[6,3],"4":[4,2],"5":[3,0],"6":[2,1]},"_coverageSchema":"332fd63041d2c1bcb487cc26dd0d5f7d97098a6c","hash":"4d95ba4d48bb9a05e14d3c7ff3dad7a18f35cf6a"}
,"/Users/innomius/Documents/react-course-projects/expensify-app/src/tests/setupTests.js": {"path":"/Users/innomius/Documents/react-course-projects/expensify-app/src/tests/setupTests.js","statementMap":{"0":{"start":{"line":5,"column":0},"end":{"line":7,"column":3}},"1":{"start":{"line":9,"column":0},"end":{"line":11,"column":3}}},"fnMap":{},"branchMap":{},"s":{"0":20,"1":20},"f":{},"b":{},"_coverageSchema":"332fd63041d2c1bcb487cc26dd0d5f7d97098a6c","hash":"a91efd0efd7a8e43ed901509fc731080eea0ad4f"}
,"/Users/innomius/Documents/react-course-projects/expensify-app/src/tests/fixtures/expenses.js": {"path":"/Users/innomius/Documents/react-course-projects/expensify-app/src/tests/fixtures/expenses.js","statementMap":{},"fnMap":{},"branchMap":{},"s":{},"f":{},"b":{},"_coverageSchema":"332fd63041d2c1bcb487cc26dd0d5f7d97098a6c","hash":"679a83476f75fe8bd5a6ebfb588914f5d49747ef"}
,"/Users/innomius/Documents/react-course-projects/expensify-app/src/tests/fixtures/filters.js": {"path":"/Users/innomius/Documents/react-course-projects/expensify-app/src/tests/fixtures/filters.js","statementMap":{"0":{"start":{"line":3,"column":16},"end":{"line":8,"column":1}},"1":{"start":{"line":10,"column":19},"end":{"line":15,"column":1}}},"fnMap":{},"branchMap":{},"s":{"0":1,"1":1},"f":{},"b":{},"_coverageSchema":"332fd63041d2c1bcb487cc26dd0d5f7d97098a6c","hash":"7b025ba157aea60484d3399e9b8fc72203381aab"}
}
