{"/Users/innomius/Documents/react-course-projects/expensify-app/src/actions/expenses.js": {"path":"/Users/innomius/Documents/react-course-projects/expensify-app/src/actions/expenses.js","statementMap":{"0":{"start":{"line":4,"column":26},"end":{"line":18,"column":2}},"1":{"start":{"line":9,"column":12},"end":{"line":18,"column":1}},"2":{"start":{"line":21,"column":29},"end":{"line":24,"column":2}},"3":{"start":{"line":21,"column":47},"end":{"line":24,"column":1}},"4":{"start":{"line":27,"column":27},"end":{"line":31,"column":2}},"5":{"start":{"line":27,"column":45},"end":{"line":31,"column":1}}},"fnMap":{"0":{"name":"(anonymous_0)","decl":{"start":{"line":4,"column":26},"end":{"line":4,"column":27}},"loc":{"start":{"line":9,"column":12},"end":{"line":18,"column":1}},"line":9},"1":{"name":"(anonymous_1)","decl":{"start":{"line":21,"column":29},"end":{"line":21,"column":30}},"loc":{"start":{"line":21,"column":47},"end":{"line":24,"column":1}},"line":21},"2":{"name":"(anonymous_2)","decl":{"start":{"line":27,"column":27},"end":{"line":27,"column":28}},"loc":{"start":{"line":27,"column":45},"end":{"line":31,"column":1}},"line":27}},"branchMap":{"0":{"loc":{"start":{"line":4,"column":27},"end":{"line":9,"column":6}},"type":"default-arg","locations":[{"start":{"line":9,"column":4},"end":{"line":9,"column":6}}],"line":4},"1":{"loc":{"start":{"line":5,"column":2},"end":{"line":5,"column":18}},"type":"default-arg","locations":[{"start":{"line":5,"column":16},"end":{"line":5,"column":18}}],"line":5},"2":{"loc":{"start":{"line":6,"column":2},"end":{"line":6,"column":11}},"type":"default-arg","locations":[{"start":{"line":6,"column":9},"end":{"line":6,"column":11}}],"line":6},"3":{"loc":{"start":{"line":7,"column":2},"end":{"line":7,"column":12}},"type":"default-arg","locations":[{"start":{"line":7,"column":11},"end":{"line":7,"column":12}}],"line":7},"4":{"loc":{"start":{"line":8,"column":2},"end":{"line":8,"column":15}},"type":"default-arg","locations":[{"start":{"line":8,"column":14},"end":{"line":8,"column":15}}],"line":8},"5":{"loc":{"start":{"line":21,"column":30},"end":{"line":21,"column":41}},"type":"default-arg","locations":[{"start":{"line":21,"column":39},"end":{"line":21,"column":41}}],"line":21}},"s":{"0":1,"1":2,"2":1,"3":1,"4":1,"5":1},"f":{"0":2,"1":1,"2":1},"b":{"0":[1],"1":[1],"2":[1],"3":[1],"4":[1],"5":[0]},"_coverageSchema":"332fd63041d2c1bcb487cc26dd0d5f7d97098a6c","hash":"7cc0e9745fb05c8ca95177d56847aa8f0320826a"}
,"/Users/innomius/Documents/react-course-projects/expensify-app/src/actions/filters.js": {"path":"/Users/innomius/Documents/react-course-projects/expensify-app/src/actions/filters.js","statementMap":{"0":{"start":{"line":2,"column":29},"end":{"line":5,"column":2}},"1":{"start":{"line":2,"column":45},"end":{"line":5,"column":1}},"2":{"start":{"line":8,"column":26},"end":{"line":10,"column":2}},"3":{"start":{"line":8,"column":33},"end":{"line":10,"column":1}},"4":{"start":{"line":13,"column":28},"end":{"line":15,"column":2}},"5":{"start":{"line":13,"column":35},"end":{"line":15,"column":1}},"6":{"start":{"line":18,"column":28},"end":{"line":21,"column":2}},"7":{"start":{"line":18,"column":44},"end":{"line":21,"column":1}},"8":{"start":{"line":24,"column":26},"end":{"line":27,"column":2}},"9":{"start":{"line":24,"column":40},"end":{"line":27,"column":1}}},"fnMap":{"0":{"name":"(anonymous_0)","decl":{"start":{"line":2,"column":29},"end":{"line":2,"column":30}},"loc":{"start":{"line":2,"column":45},"end":{"line":5,"column":1}},"line":2},"1":{"name":"(anonymous_1)","decl":{"start":{"line":8,"column":26},"end":{"line":8,"column":27}},"loc":{"start":{"line":8,"column":33},"end":{"line":10,"column":1}},"line":8},"2":{"name":"(anonymous_2)","decl":{"start":{"line":13,"column":28},"end":{"line":13,"column":29}},"loc":{"start":{"line":13,"column":35},"end":{"line":15,"column":1}},"line":13},"3":{"name":"(anonymous_3)","decl":{"start":{"line":18,"column":28},"end":{"line":18,"column":29}},"loc":{"start":{"line":18,"column":44},"end":{"line":21,"column":1}},"line":18},"4":{"name":"(anonymous_4)","decl":{"start":{"line":24,"column":26},"end":{"line":24,"column":27}},"loc":{"start":{"line":24,"column":40},"end":{"line":27,"column":1}},"line":24}},"branchMap":{"0":{"loc":{"start":{"line":2,"column":30},"end":{"line":2,"column":39}},"type":"default-arg","locations":[{"start":{"line":2,"column":37},"end":{"line":2,"column":39}}],"line":2}},"s":{"0":1,"1":2,"2":1,"3":1,"4":1,"5":1,"6":1,"7":1,"8":1,"9":1},"f":{"0":2,"1":1,"2":1,"3":1,"4":1},"b":{"0":[1]},"_coverageSchema":"332fd63041d2c1bcb487cc26dd0d5f7d97098a6c","hash":"b9e272cca428e8e8ba634285910b6f047b8ff124"}
,"/Users/innomius/Documents/react-course-projects/expensify-app/src/components/Header.js": {"path":"/Users/innomius/Documents/react-course-projects/expensify-app/src/components/Header.js","statementMap":{"0":{"start":{"line":4,"column":15},"end":{"line":10,"column":1}},"1":{"start":{"line":5,"column":2},"end":{"line":9,"column":11}}},"fnMap":{"0":{"name":"(anonymous_0)","decl":{"start":{"line":4,"column":15},"end":{"line":4,"column":16}},"loc":{"start":{"line":5,"column":2},"end":{"line":9,"column":11}},"line":5}},"branchMap":{},"s":{"0":1,"1":1},"f":{"0":1},"b":{},"_coverageSchema":"332fd63041d2c1bcb487cc26dd0d5f7d97098a6c","hash":"a933be7262c423cd8382ed5f9b6daa8a007e04e8"}
,"/Users/innomius/Documents/react-course-projects/expensify-app/src/reducers/expenses.js": {"path":"/Users/innomius/Documents/react-course-projects/expensify-app/src/reducers/expenses.js","statementMap":{"0":{"start":{"line":3,"column":36},"end":{"line":3,"column":38}},"1":{"start":{"line":5,"column":24},"end":{"line":28,"column":1}},"2":{"start":{"line":6,"column":2},"end":{"line":27,"column":3}},"3":{"start":{"line":8,"column":6},"end":{"line":11,"column":8}},"4":{"start":{"line":13,"column":6},"end":{"line":13,"column":56}},"5":{"start":{"line":13,"column":38},"end":{"line":13,"column":54}},"6":{"start":{"line":15,"column":6},"end":{"line":24,"column":9}},"7":{"start":{"line":16,"column":8},"end":{"line":23,"column":9}},"8":{"start":{"line":17,"column":10},"end":{"line":20,"column":12}},"9":{"start":{"line":22,"column":10},"end":{"line":22,"column":25}},"10":{"start":{"line":26,"column":6},"end":{"line":26,"column":19}}},"fnMap":{"0":{"name":"(anonymous_0)","decl":{"start":{"line":5,"column":24},"end":{"line":5,"column":25}},"loc":{"start":{"line":5,"column":73},"end":{"line":28,"column":1}},"line":5},"1":{"name":"(anonymous_1)","decl":{"start":{"line":13,"column":26},"end":{"line":13,"column":27}},"loc":{"start":{"line":13,"column":38},"end":{"line":13,"column":54}},"line":13},"2":{"name":"(anonymous_2)","decl":{"start":{"line":15,"column":23},"end":{"line":15,"column":24}},"loc":{"start":{"line":15,"column":36},"end":{"line":24,"column":7}},"line":15}},"branchMap":{"0":{"loc":{"start":{"line":5,"column":25},"end":{"line":5,"column":60}},"type":"default-arg","locations":[{"start":{"line":5,"column":33},"end":{"line":5,"column":60}}],"line":5},"1":{"loc":{"start":{"line":6,"column":2},"end":{"line":27,"column":3}},"type":"switch","locations":[{"start":{"line":7,"column":4},"end":{"line":11,"column":8}},{"start":{"line":12,"column":4},"end":{"line":13,"column":56}},{"start":{"line":14,"column":4},"end":{"line":24,"column":9}},{"start":{"line":25,"column":4},"end":{"line":26,"column":19}}],"line":6},"2":{"loc":{"start":{"line":16,"column":8},"end":{"line":23,"column":9}},"type":"if","locations":[{"start":{"line":16,"column":8},"end":{"line":23,"column":9}},{"start":{"line":16,"column":8},"end":{"line":23,"column":9}}],"line":16}},"s":{"0":1,"1":1,"2":6,"3":1,"4":2,"5":6,"6":2,"7":6,"8":1,"9":5,"10":1},"f":{"0":6,"1":6,"2":6},"b":{"0":[1],"1":[1,2,2,1],"2":[1,5]},"_coverageSchema":"332fd63041d2c1bcb487cc26dd0d5f7d97098a6c","hash":"c7fb31e8e07bbd9c8bd4c77ffea9c6923d95366d"}
,"/Users/innomius/Documents/react-course-projects/expensify-app/src/reducers/filters.js": {"path":"/Users/innomius/Documents/react-course-projects/expensify-app/src/reducers/filters.js","statementMap":{"0":{"start":{"line":5,"column":35},"end":{"line":10,"column":1}},"1":{"start":{"line":11,"column":23},"end":{"line":41,"column":1}},"2":{"start":{"line":12,"column":2},"end":{"line":40,"column":3}},"3":{"start":{"line":14,"column":6},"end":{"line":17,"column":8}},"4":{"start":{"line":19,"column":6},"end":{"line":22,"column":7}},"5":{"start":{"line":24,"column":6},"end":{"line":27,"column":7}},"6":{"start":{"line":29,"column":6},"end":{"line":32,"column":7}},"7":{"start":{"line":34,"column":6},"end":{"line":37,"column":7}},"8":{"start":{"line":39,"column":6},"end":{"line":39,"column":19}}},"fnMap":{"0":{"name":"(anonymous_0)","decl":{"start":{"line":11,"column":23},"end":{"line":11,"column":24}},"loc":{"start":{"line":11,"column":71},"end":{"line":41,"column":1}},"line":11}},"branchMap":{"0":{"loc":{"start":{"line":11,"column":24},"end":{"line":11,"column":58}},"type":"default-arg","locations":[{"start":{"line":11,"column":32},"end":{"line":11,"column":58}}],"line":11},"1":{"loc":{"start":{"line":12,"column":2},"end":{"line":40,"column":3}},"type":"switch","locations":[{"start":{"line":13,"column":4},"end":{"line":17,"column":8}},{"start":{"line":18,"column":4},"end":{"line":22,"column":7}},{"start":{"line":23,"column":4},"end":{"line":27,"column":7}},{"start":{"line":28,"column":4},"end":{"line":32,"column":7}},{"start":{"line":33,"column":4},"end":{"line":37,"column":7}},{"start":{"line":38,"column":4},"end":{"line":39,"column":19}}],"line":12}},"s":{"0":1,"1":1,"2":6,"3":1,"4":1,"5":1,"6":1,"7":1,"8":1},"f":{"0":6},"b":{"0":[5],"1":[1,1,1,1,1,1]},"_coverageSchema":"332fd63041d2c1bcb487cc26dd0d5f7d97098a6c","hash":"ac90c64be2b5340eaf70180d58558ececa882e72"}
,"/Users/innomius/Documents/react-course-projects/expensify-app/src/selectors/expenses.js": {"path":"/Users/innomius/Documents/react-course-projects/expensify-app/src/selectors/expenses.js","statementMap":{"0":{"start":{"line":5,"column":27},"end":{"line":21,"column":1}},"1":{"start":{"line":6,"column":2},"end":{"line":20,"column":5}},"2":{"start":{"line":7,"column":28},"end":{"line":7,"column":53}},"3":{"start":{"line":8,"column":27},"end":{"line":8,"column":94}},"4":{"start":{"line":9,"column":25},"end":{"line":9,"column":87}},"5":{"start":{"line":10,"column":22},"end":{"line":10,"column":84}},"6":{"start":{"line":12,"column":4},"end":{"line":12,"column":55}},"7":{"start":{"line":14,"column":4},"end":{"line":16,"column":5}},"8":{"start":{"line":15,"column":6},"end":{"line":15,"column":47}},"9":{"start":{"line":17,"column":4},"end":{"line":19,"column":5}},"10":{"start":{"line":18,"column":6},"end":{"line":18,"column":41}}},"fnMap":{"0":{"name":"(anonymous_0)","decl":{"start":{"line":5,"column":27},"end":{"line":5,"column":28}},"loc":{"start":{"line":5,"column":77},"end":{"line":21,"column":1}},"line":5},"1":{"name":"(anonymous_1)","decl":{"start":{"line":6,"column":25},"end":{"line":6,"column":26}},"loc":{"start":{"line":6,"column":38},"end":{"line":13,"column":3}},"line":6},"2":{"name":"(anonymous_2)","decl":{"start":{"line":13,"column":10},"end":{"line":13,"column":11}},"loc":{"start":{"line":13,"column":20},"end":{"line":20,"column":3}},"line":13}},"branchMap":{"0":{"loc":{"start":{"line":8,"column":27},"end":{"line":8,"column":94}},"type":"cond-expr","locations":[{"start":{"line":8,"column":39},"end":{"line":8,"column":87}},{"start":{"line":8,"column":90},"end":{"line":8,"column":94}}],"line":8},"1":{"loc":{"start":{"line":9,"column":25},"end":{"line":9,"column":87}},"type":"cond-expr","locations":[{"start":{"line":9,"column":35},"end":{"line":9,"column":80}},{"start":{"line":9,"column":83},"end":{"line":9,"column":87}}],"line":9},"2":{"loc":{"start":{"line":12,"column":11},"end":{"line":12,"column":54}},"type":"binary-expr","locations":[{"start":{"line":12,"column":11},"end":{"line":12,"column":25}},{"start":{"line":12,"column":29},"end":{"line":12,"column":41}},{"start":{"line":12,"column":45},"end":{"line":12,"column":54}}],"line":12},"3":{"loc":{"start":{"line":14,"column":4},"end":{"line":16,"column":5}},"type":"if","locations":[{"start":{"line":14,"column":4},"end":{"line":16,"column":5}},{"start":{"line":14,"column":4},"end":{"line":16,"column":5}}],"line":14},"4":{"loc":{"start":{"line":15,"column":13},"end":{"line":15,"column":47}},"type":"cond-expr","locations":[{"start":{"line":15,"column":41},"end":{"line":15,"column":42}},{"start":{"line":15,"column":45},"end":{"line":15,"column":47}}],"line":15},"5":{"loc":{"start":{"line":17,"column":4},"end":{"line":19,"column":5}},"type":"if","locations":[{"start":{"line":17,"column":4},"end":{"line":19,"column":5}},{"start":{"line":17,"column":4},"end":{"line":19,"column":5}}],"line":17},"6":{"loc":{"start":{"line":18,"column":13},"end":{"line":18,"column":41}},"type":"cond-expr","locations":[{"start":{"line":18,"column":35},"end":{"line":18,"column":36}},{"start":{"line":18,"column":39},"end":{"line":18,"column":41}}],"line":18}},"s":{"0":1,"1":5,"2":15,"3":15,"4":15,"5":15,"6":15,"7":9,"8":6,"9":3,"10":3},"f":{"0":5,"1":15,"2":9},"b":{"0":[3,12],"1":[3,12],"2":[15,14,13],"3":[6,3],"4":[4,2],"5":[3,0],"6":[2,1]},"_coverageSchema":"332fd63041d2c1bcb487cc26dd0d5f7d97098a6c","hash":"4d95ba4d48bb9a05e14d3c7ff3dad7a18f35cf6a"}
,"/Users/innomius/Documents/react-course-projects/expensify-app/src/tests/fixtures/expenses.js": {"path":"/Users/innomius/Documents/react-course-projects/expensify-app/src/tests/fixtures/expenses.js","statementMap":{},"fnMap":{},"branchMap":{},"s":{},"f":{},"b":{},"_coverageSchema":"332fd63041d2c1bcb487cc26dd0d5f7d97098a6c","hash":"679a83476f75fe8bd5a6ebfb588914f5d49747ef"}
}
