TN:
SF:/Users/innomius/Documents/react-course-projects/expensify-app/src/actions/auth.js
FN:3,(anonymous_0)
FN:8,(anonymous_1)
FN:9,(anonymous_2)
FN:14,(anonymous_3)
FN:18,(anonymous_4)
FN:19,(anonymous_5)
FNF:6
FNH:2
FNDA:1,(anonymous_0)
FNDA:0,(anonymous_1)
FNDA:0,(anonymous_2)
FNDA:1,(anonymous_3)
FNDA:0,(anonymous_4)
FNDA:0,(anonymous_5)
DA:3,3
DA:8,3
DA:9,0
DA:10,0
DA:14,3
DA:18,3
DA:19,0
DA:20,0
LF:8
LH:4
BRF:0
BRH:0
end_of_record
TN:
SF:/Users/innomius/Documents/react-course-projects/expensify-app/src/actions/expenses.js
FN:5,(anonymous_0)
FN:10,(anonymous_1)
FN:11,(anonymous_2)
FN:21,(anonymous_3)
FN:31,(anonymous_4)
FN:36,(anonymous_5)
FN:37,(anonymous_6)
FN:40,(anonymous_7)
FN:47,(anonymous_8)
FN:53,(anonymous_9)
FN:54,(anonymous_10)
FN:57,(anonymous_11)
FN:64,(anonymous_12)
FN:69,(anonymous_13)
FN:70,(anonymous_14)
FN:73,(anonymous_15)
FN:75,(anonymous_16)
FNF:17
FNH:17
FNDA:3,(anonymous_0)
FNDA:2,(anonymous_1)
FNDA:2,(anonymous_2)
FNDA:2,(anonymous_3)
FNDA:2,(anonymous_4)
FNDA:1,(anonymous_5)
FNDA:1,(anonymous_6)
FNDA:1,(anonymous_7)
FNDA:2,(anonymous_8)
FNDA:1,(anonymous_9)
FNDA:1,(anonymous_10)
FNDA:1,(anonymous_11)
FNDA:2,(anonymous_12)
FNDA:1,(anonymous_13)
FNDA:1,(anonymous_14)
FNDA:1,(anonymous_15)
FNDA:3,(anonymous_16)
DA:5,3
DA:10,3
DA:11,2
DA:12,2
DA:18,2
DA:19,2
DA:20,2
DA:22,2
DA:31,3
DA:36,3
DA:37,1
DA:38,1
DA:39,1
DA:41,1
DA:47,3
DA:53,3
DA:54,1
DA:55,1
DA:56,1
DA:58,1
DA:64,3
DA:69,3
DA:70,1
DA:71,1
DA:72,1
DA:74,1
DA:75,1
DA:76,3
DA:81,1
LF:29
LH:29
BRDA:10,0,0,0
BRDA:14,1,0,1
BRDA:15,2,0,1
BRDA:16,3,0,1
BRDA:17,4,0,1
BRDA:31,5,0,0
BRDA:36,6,0,0
BRF:7
BRH:4
end_of_record
TN:
SF:/Users/innomius/Documents/react-course-projects/expensify-app/src/actions/filters.js
FN:2,(anonymous_0)
FN:8,(anonymous_1)
FN:13,(anonymous_2)
FN:18,(anonymous_3)
FN:24,(anonymous_4)
FNF:5
FNH:5
FNDA:2,(anonymous_0)
FNDA:1,(anonymous_1)
FNDA:1,(anonymous_2)
FNDA:1,(anonymous_3)
FNDA:1,(anonymous_4)
DA:2,3
DA:8,3
DA:13,3
DA:18,3
DA:24,3
LF:5
LH:5
BRDA:2,0,0,1
BRF:1
BRH:1
end_of_record
TN:
SF:/Users/innomius/Documents/react-course-projects/expensify-app/src/components/AddExpensePage.js
FN:7,(anonymous_0)
FN:11,(anonymous_1)
FN:29,(anonymous_2)
FN:30,(anonymous_3)
FNF:4
FNH:2
FNDA:1,(anonymous_0)
FNDA:2,(anonymous_1)
FNDA:0,(anonymous_2)
FNDA:0,(anonymous_3)
DA:8,1
DA:9,1
DA:12,2
DA:29,1
DA:30,0
LF:5
LH:4
BRF:0
BRH:0
end_of_record
TN:
SF:/Users/innomius/Documents/react-course-projects/expensify-app/src/components/EditExpensePage.js
FN:7,(anonymous_0)
FN:12,(anonymous_1)
FN:17,(anonymous_2)
FN:39,(anonymous_3)
FN:40,(anonymous_4)
FN:43,(anonymous_5)
FN:44,(anonymous_6)
FN:45,(anonymous_7)
FNF:8
FNH:3
FNDA:1,(anonymous_0)
FNDA:1,(anonymous_1)
FNDA:3,(anonymous_2)
FNDA:0,(anonymous_3)
FNDA:0,(anonymous_4)
FNDA:0,(anonymous_5)
FNDA:0,(anonymous_6)
FNDA:0,(anonymous_7)
DA:8,1
DA:9,1
DA:13,1
DA:14,1
DA:18,3
DA:39,1
DA:40,0
DA:43,1
DA:44,0
DA:45,0
LF:10
LH:7
BRF:0
BRH:0
end_of_record
TN:
SF:/Users/innomius/Documents/react-course-projects/expensify-app/src/components/ExpenseDashboardPage.js
FN:6,(anonymous_0)
FNF:1
FNH:1
FNDA:1,(anonymous_0)
DA:6,1
DA:7,1
LF:2
LH:2
BRF:0
BRH:0
end_of_record
TN:
SF:/Users/innomius/Documents/react-course-projects/expensify-app/src/components/ExpenseForm.js
FN:6,(anonymous_0)
FN:18,(anonymous_1)
FN:20,(anonymous_2)
FN:23,(anonymous_3)
FN:25,(anonymous_4)
FN:28,(anonymous_5)
FN:31,(anonymous_6)
FN:35,(anonymous_7)
FN:37,(anonymous_8)
FN:41,(anonymous_9)
FN:42,(anonymous_10)
FN:45,(anonymous_11)
FN:48,(anonymous_12)
FN:50,(anonymous_13)
FN:60,(anonymous_14)
FN:85,(anonymous_15)
FNF:16
FNH:15
FNDA:10,(anonymous_0)
FNDA:1,(anonymous_1)
FNDA:1,(anonymous_2)
FNDA:1,(anonymous_3)
FNDA:1,(anonymous_4)
FNDA:2,(anonymous_5)
FNDA:1,(anonymous_6)
FNDA:1,(anonymous_7)
FNDA:1,(anonymous_8)
FNDA:1,(anonymous_9)
FNDA:1,(anonymous_10)
FNDA:2,(anonymous_11)
FNDA:1,(anonymous_12)
FNDA:1,(anonymous_13)
FNDA:17,(anonymous_14)
FNDA:0,(anonymous_15)
DA:7,10
DA:8,10
DA:19,1
DA:20,1
DA:24,1
DA:25,1
DA:29,2
DA:30,2
DA:31,1
DA:36,1
DA:37,1
DA:42,1
DA:46,2
DA:47,2
DA:48,1
DA:50,1
DA:51,1
DA:61,17
DA:85,0
LF:19
LH:18
BRDA:9,0,0,2
BRDA:9,0,1,8
BRDA:10,1,0,2
BRDA:10,1,1,8
BRDA:11,2,0,2
BRDA:11,2,1,8
BRDA:12,3,0,2
BRDA:12,3,1,8
BRDA:30,4,0,1
BRDA:30,4,1,1
BRDA:30,5,0,2
BRDA:30,5,1,2
BRDA:36,6,0,1
BRDA:36,6,1,0
BRDA:47,7,0,1
BRDA:47,7,1,1
BRDA:47,8,0,2
BRDA:47,8,1,1
BRDA:63,9,0,17
BRDA:63,9,1,1
BRF:20
BRH:19
end_of_record
TN:
SF:/Users/innomius/Documents/react-course-projects/expensify-app/src/components/ExpenseList.js
FN:6,(anonymous_0)
FN:20,(anonymous_1)
FN:29,(anonymous_2)
FNF:3
FNH:2
FNDA:2,(anonymous_0)
FNDA:3,(anonymous_1)
FNDA:0,(anonymous_2)
DA:6,2
DA:7,2
DA:21,3
DA:29,2
DA:30,0
LF:5
LH:4
BRDA:15,0,0,1
BRDA:15,0,1,1
BRF:2
BRH:2
end_of_record
TN:
SF:/Users/innomius/Documents/react-course-projects/expensify-app/src/components/ExpenseListFilters.js
FN:7,(anonymous_0)
FN:14,(anonymous_1)
FN:19,(anonymous_2)
FN:20,(anonymous_3)
FN:23,(anonymous_4)
FN:27,(anonymous_5)
FN:35,(anonymous_6)
FN:67,(anonymous_7)
FN:76,(anonymous_8)
FN:80,(anonymous_9)
FN:81,(anonymous_10)
FN:82,(anonymous_11)
FN:83,(anonymous_12)
FN:84,(anonymous_13)
FN:85,(anonymous_14)
FNF:15
FNH:7
FNDA:7,(anonymous_0)
FNDA:1,(anonymous_1)
FNDA:1,(anonymous_2)
FNDA:1,(anonymous_3)
FNDA:1,(anonymous_4)
FNDA:2,(anonymous_5)
FNDA:10,(anonymous_6)
FNDA:0,(anonymous_7)
FNDA:0,(anonymous_8)
FNDA:0,(anonymous_9)
FNDA:0,(anonymous_10)
FNDA:0,(anonymous_11)
FNDA:0,(anonymous_12)
FNDA:0,(anonymous_13)
FNDA:0,(anonymous_14)
DA:8,7
DA:9,7
DA:15,1
DA:16,1
DA:20,1
DA:24,1
DA:28,2
DA:29,1
DA:30,1
DA:31,1
DA:36,10
DA:67,0
DA:76,2
DA:80,2
DA:81,0
DA:82,0
DA:83,0
DA:84,0
DA:85,0
LF:19
LH:13
BRDA:28,0,0,1
BRDA:28,0,1,1
BRDA:30,1,0,1
BRDA:30,1,1,0
BRF:4
BRH:3
end_of_record
TN:
SF:/Users/innomius/Documents/react-course-projects/expensify-app/src/components/ExpenseListItem.js
FN:6,(anonymous_0)
FNF:1
FNH:1
FNDA:1,(anonymous_0)
DA:6,3
DA:7,1
LF:2
LH:2
BRF:0
BRH:0
end_of_record
TN:
SF:/Users/innomius/Documents/react-course-projects/expensify-app/src/components/ExpensesSummary.js
FN:8,(anonymous_0)
FN:23,(anonymous_1)
FNF:2
FNH:1
FNDA:2,(anonymous_0)
FNDA:0,(anonymous_1)
DA:8,2
DA:9,2
DA:10,2
DA:11,2
DA:23,2
DA:24,0
DA:25,0
LF:7
LH:5
BRDA:9,0,0,1
BRDA:9,0,1,1
BRF:2
BRH:2
end_of_record
TN:
SF:/Users/innomius/Documents/react-course-projects/expensify-app/src/components/Header.js
FN:6,(anonymous_0)
FN:21,(anonymous_1)
FN:22,(anonymous_2)
FNF:3
FNH:1
FNDA:2,(anonymous_0)
FNDA:0,(anonymous_1)
FNDA:0,(anonymous_2)
DA:6,1
DA:7,2
DA:21,1
DA:22,0
LF:4
LH:3
BRF:0
BRH:0
end_of_record
TN:
SF:/Users/innomius/Documents/react-course-projects/expensify-app/src/components/LoadingPage.js
FN:3,(anonymous_0)
FNF:1
FNH:1
FNDA:1,(anonymous_0)
DA:3,1
DA:4,1
LF:2
LH:2
BRF:0
BRH:0
end_of_record
TN:
SF:/Users/innomius/Documents/react-course-projects/expensify-app/src/components/LoginPage.js
FN:5,(anonymous_0)
FN:20,(anonymous_1)
FN:21,(anonymous_2)
FNF:3
FNH:1
FNDA:2,(anonymous_0)
FNDA:0,(anonymous_1)
FNDA:0,(anonymous_2)
DA:5,1
DA:6,2
DA:20,1
DA:21,0
LF:4
LH:3
BRF:0
BRH:0
end_of_record
TN:
SF:/Users/innomius/Documents/react-course-projects/expensify-app/src/components/NotFoundPage.js
FN:4,(anonymous_0)
FNF:1
FNH:1
FNDA:1,(anonymous_0)
DA:4,1
DA:5,1
LF:2
LH:2
BRF:0
BRH:0
end_of_record
TN:
SF:/Users/innomius/Documents/react-course-projects/expensify-app/src/firebase/firebase.js
FNF:0
FNH:0
DA:3,6
DA:12,6
DA:14,6
DA:15,6
LF:4
LH:4
BRF:0
BRH:0
end_of_record
TN:
SF:/Users/innomius/Documents/react-course-projects/expensify-app/src/reducers/auth.js
FN:1,(anonymous_0)
FNF:1
FNH:1
FNDA:3,(anonymous_0)
DA:2,3
DA:4,1
DA:8,1
DA:10,1
LF:4
LH:4
BRDA:1,0,0,1
BRDA:2,1,0,1
BRDA:2,1,1,1
BRDA:2,1,2,1
BRF:4
BRH:4
end_of_record
TN:
SF:/Users/innomius/Documents/react-course-projects/expensify-app/src/reducers/expenses.js
FN:5,(anonymous_0)
FN:13,(anonymous_1)
FN:15,(anonymous_2)
FNF:3
FNH:3
FNDA:7,(anonymous_0)
FNDA:6,(anonymous_1)
FNDA:6,(anonymous_2)
DA:3,1
DA:5,1
DA:6,7
DA:8,1
DA:13,6
DA:15,2
DA:16,6
DA:17,1
DA:22,5
DA:26,1
DA:28,1
LF:11
LH:11
BRDA:5,0,0,1
BRDA:6,1,0,1
BRDA:6,1,1,2
BRDA:6,1,2,2
BRDA:6,1,3,1
BRDA:6,1,4,1
BRDA:16,2,0,1
BRDA:16,2,1,5
BRF:8
BRH:8
end_of_record
TN:
SF:/Users/innomius/Documents/react-course-projects/expensify-app/src/reducers/filters.js
FN:11,(anonymous_0)
FNF:1
FNH:1
FNDA:6,(anonymous_0)
DA:5,1
DA:11,1
DA:12,6
DA:14,1
DA:19,1
DA:24,1
DA:29,1
DA:34,1
DA:39,1
LF:9
LH:9
BRDA:11,0,0,5
BRDA:12,1,0,1
BRDA:12,1,1,1
BRDA:12,1,2,1
BRDA:12,1,3,1
BRDA:12,1,4,1
BRDA:12,1,5,1
BRF:7
BRH:7
end_of_record
TN:
SF:/Users/innomius/Documents/react-course-projects/expensify-app/src/selectors/expenses-total.js
FN:3,(anonymous_0)
FN:5,(anonymous_1)
FN:6,(anonymous_2)
FNF:3
FNH:3
FNDA:3,(anonymous_0)
FNDA:4,(anonymous_1)
FNDA:4,(anonymous_2)
DA:4,3
DA:5,4
DA:6,4
LF:3
LH:3
BRF:0
BRH:0
end_of_record
TN:
SF:/Users/innomius/Documents/react-course-projects/expensify-app/src/selectors/expenses.js
FN:5,(anonymous_0)
FN:6,(anonymous_1)
FN:13,(anonymous_2)
FNF:3
FNH:3
FNDA:5,(anonymous_0)
FNDA:15,(anonymous_1)
FNDA:9,(anonymous_2)
DA:5,4
DA:6,5
DA:7,15
DA:8,15
DA:9,15
DA:10,15
DA:12,15
DA:14,9
DA:15,6
DA:17,3
DA:18,3
LF:11
LH:11
BRDA:8,0,0,3
BRDA:8,0,1,12
BRDA:9,1,0,3
BRDA:9,1,1,12
BRDA:12,2,0,15
BRDA:12,2,1,14
BRDA:12,2,2,13
BRDA:14,3,0,6
BRDA:14,3,1,3
BRDA:15,4,0,4
BRDA:15,4,1,2
BRDA:17,5,0,3
BRDA:17,5,1,0
BRDA:18,6,0,2
BRDA:18,6,1,1
BRF:15
BRH:14
end_of_record
TN:
SF:/Users/innomius/Documents/react-course-projects/expensify-app/src/tests/setupTests.js
FNF:0
FNH:0
DA:5,20
DA:9,20
LF:2
LH:2
BRF:0
BRH:0
end_of_record
TN:
SF:/Users/innomius/Documents/react-course-projects/expensify-app/src/tests/fixtures/expenses.js
FNF:0
FNH:0
LF:0
LH:0
BRF:0
BRH:0
end_of_record
TN:
SF:/Users/innomius/Documents/react-course-projects/expensify-app/src/tests/fixtures/filters.js
FNF:0
FNH:0
DA:3,1
DA:10,1
LF:2
LH:2
BRF:0
BRH:0
end_of_record
