TN:
SF:/Users/innomius/Documents/react-course-projects/expensify-app/src/actions/expenses.js
FN:4,(anonymous_0)
FN:21,(anonymous_1)
FN:27,(anonymous_2)
FNF:3
FNH:3
FNDA:2,(anonymous_0)
FNDA:1,(anonymous_1)
FNDA:1,(anonymous_2)
DA:4,1
DA:9,2
DA:21,1
DA:27,1
LF:4
LH:4
BRDA:4,0,0,1
BRDA:5,1,0,1
BRDA:6,2,0,1
BRDA:7,3,0,1
BRDA:8,4,0,1
BRDA:21,5,0,0
BRF:6
BRH:5
end_of_record
TN:
SF:/Users/innomius/Documents/react-course-projects/expensify-app/src/actions/filters.js
FN:2,(anonymous_0)
FN:8,(anonymous_1)
FN:13,(anonymous_2)
FN:18,(anonymous_3)
FN:24,(anonymous_4)
FNF:5
FNH:5
FNDA:2,(anonymous_0)
FNDA:1,(anonymous_1)
FNDA:1,(anonymous_2)
FNDA:1,(anonymous_3)
FNDA:1,(anonymous_4)
DA:2,2
DA:8,1
DA:13,1
DA:18,1
DA:24,1
LF:5
LH:5
BRDA:2,0,0,1
BRF:1
BRH:1
end_of_record
TN:
SF:/Users/innomius/Documents/react-course-projects/expensify-app/src/components/Header.js
FN:4,(anonymous_0)
FNF:1
FNH:1
FNDA:1,(anonymous_0)
DA:4,1
DA:5,1
LF:2
LH:2
BRF:0
BRH:0
end_of_record
TN:
SF:/Users/innomius/Documents/react-course-projects/expensify-app/src/reducers/expenses.js
FN:5,(anonymous_0)
FN:13,(anonymous_1)
FN:15,(anonymous_2)
FNF:3
FNH:3
FNDA:6,(anonymous_0)
FNDA:6,(anonymous_1)
FNDA:6,(anonymous_2)
DA:3,1
DA:5,1
DA:6,6
DA:8,1
DA:13,6
DA:15,2
DA:16,6
DA:17,1
DA:22,5
DA:26,1
LF:10
LH:10
BRDA:5,0,0,1
BRDA:6,1,0,1
BRDA:6,1,1,2
BRDA:6,1,2,2
BRDA:6,1,3,1
BRDA:16,2,0,1
BRDA:16,2,1,5
BRF:7
BRH:7
end_of_record
TN:
SF:/Users/innomius/Documents/react-course-projects/expensify-app/src/reducers/filters.js
FN:11,(anonymous_0)
FNF:1
FNH:1
FNDA:6,(anonymous_0)
DA:5,1
DA:11,1
DA:12,6
DA:14,1
DA:19,1
DA:24,1
DA:29,1
DA:34,1
DA:39,1
LF:9
LH:9
BRDA:11,0,0,5
BRDA:12,1,0,1
BRDA:12,1,1,1
BRDA:12,1,2,1
BRDA:12,1,3,1
BRDA:12,1,4,1
BRDA:12,1,5,1
BRF:7
BRH:7
end_of_record
TN:
SF:/Users/innomius/Documents/react-course-projects/expensify-app/src/selectors/expenses.js
FN:5,(anonymous_0)
FN:6,(anonymous_1)
FN:13,(anonymous_2)
FNF:3
FNH:3
FNDA:5,(anonymous_0)
FNDA:15,(anonymous_1)
FNDA:9,(anonymous_2)
DA:5,1
DA:6,5
DA:7,15
DA:8,15
DA:9,15
DA:10,15
DA:12,15
DA:14,9
DA:15,6
DA:17,3
DA:18,3
LF:11
LH:11
BRDA:8,0,0,3
BRDA:8,0,1,12
BRDA:9,1,0,3
BRDA:9,1,1,12
BRDA:12,2,0,15
BRDA:12,2,1,14
BRDA:12,2,2,13
BRDA:14,3,0,6
BRDA:14,3,1,3
BRDA:15,4,0,4
BRDA:15,4,1,2
BRDA:17,5,0,3
BRDA:17,5,1,0
BRDA:18,6,0,2
BRDA:18,6,1,1
BRF:15
BRH:14
end_of_record
TN:
SF:/Users/innomius/Documents/react-course-projects/expensify-app/src/tests/fixtures/expenses.js
FNF:0
FNH:0
LF:0
LH:0
BRF:0
BRH:0
end_of_record
